<?xml version="1.0" encoding="utf-8"?>
<coverage line-rate="0.888" branch-rate="0.8401000000000001" version="1.9" timestamp="1771652462" lines-covered="1420" lines-valid="1599" branches-covered="736" branches-valid="876">
  <sources>
    <source>C:\Users\david\RiderProjects\BackgammonAI\com.stonesandice.backgammonai\Runtime\Scripts\EngineCore\</source>
  </sources>
  <packages>
    <package name="EngineCore" line-rate="0.888" branch-rate="0.8401000000000001" complexity="949">
      <classes>
        <class name="EngineCLI.BoardVisualizer" filename="BoardVisualizer.cs" line-rate="0.9818000000000001" branch-rate="0.9666" complexity="30">
          <methods>
            <method name="PrintBoard" signature="(EngineCore.GameState,EngineCore.MatchState)" line-rate="1" branch-rate="1" complexity="12">
              <lines>
                <line number="10" hits="8" branch="False" />
                <line number="13" hits="8" branch="True" condition-coverage="100% (2/2)">
                  <conditions>
                    <condition number="7" type="jump" coverage="100%" />
                  </conditions>
                </line>
                <line number="14" hits="8" branch="True" condition-coverage="100% (2/2)">
                  <conditions>
                    <condition number="30" type="jump" coverage="100%" />
                  </conditions>
                </line>
                <line number="16" hits="8" branch="False" />
                <line number="17" hits="8" branch="True" condition-coverage="100% (2/2)">
                  <conditions>
                    <condition number="66" type="jump" coverage="100%" />
                  </conditions>
                </line>
                <line number="18" hits="3" branch="False" />
                <line number="19" hits="3" branch="True" condition-coverage="100% (2/2)">
                  <conditions>
                    <condition number="78" type="jump" coverage="100%" />
                  </conditions>
                </line>
                <line number="20" hits="3" branch="False" />
                <line number="21" hits="3" branch="False" />
                <line number="22" hits="3" branch="False" />
                <line number="23" hits="3" branch="False" />
                <line number="26" hits="23" branch="False" />
                <line number="27" hits="4" branch="False" />
                <line number="29" hits="8" branch="False" />
                <line number="32" hits="8" branch="False" />
                <line number="35" hits="96" branch="True" condition-coverage="100% (2/2)">
                  <conditions>
                    <condition number="1002" type="jump" coverage="100%" />
                  </conditions>
                </line>
                <line number="36" hits="40" branch="False" />
                <line number="37" hits="40" branch="False" />
                <line number="38" hits="40" branch="False" />
                <line number="39" hits="40" branch="False" />
                <line number="40" hits="40" branch="False" />
                <line number="43" hits="8" branch="False" />
                <line number="46" hits="96" branch="True" condition-coverage="100% (2/2)">
                  <conditions>
                    <condition number="1541" type="jump" coverage="100%" />
                  </conditions>
                </line>
                <line number="47" hits="40" branch="False" />
                <line number="48" hits="40" branch="False" />
                <line number="49" hits="40" branch="False" />
                <line number="50" hits="40" branch="False" />
                <line number="51" hits="40" branch="False" />
                <line number="54" hits="8" branch="False" />
                <line number="56" hits="8" branch="False" />
                <line number="57" hits="8" branch="False" />
                <line number="58" hits="8" branch="False" />
                <line number="59" hits="8" branch="False" />
                <line number="61" hits="8" branch="False" />
                <line number="62" hits="8" branch="False" />
                <line number="63" hits="8" branch="False" />
                <line number="64" hits="8" branch="False" />
              </lines>
            </method>
            <method name="C" signature="(System.Int32[],System.Int32[],System.Int32,System.Int32)" line-rate="1" branch-rate="1" complexity="14">
              <lines>
                <line number="67" hits="960" branch="False" />
                <line number="68" hits="960" branch="False" />
                <line number="71" hits="960" branch="False" />
                <line number="73" hits="960" branch="True" condition-coverage="100% (2/2)">
                  <conditions>
                    <condition number="14" type="jump" coverage="100%" />
                  </conditions>
                </line>
                <line number="74" hits="960" branch="True" condition-coverage="100% (4/4)">
                  <conditions>
                    <condition number="23" type="jump" coverage="100%" />
                    <condition number="27" type="jump" coverage="100%" />
                  </conditions>
                </line>
                <line number="76" hits="1695" branch="True" condition-coverage="100% (2/2)">
                  <conditions>
                    <condition number="51" type="jump" coverage="100%" />
                  </conditions>
                </line>
                <line number="78" hits="225" branch="True" condition-coverage="100% (4/4)">
                  <conditions>
                    <condition number="64" type="jump" coverage="100%" />
                    <condition number="77" type="jump" coverage="100%" />
                  </conditions>
                </line>
                <line number="79" hits="3" branch="False" />
                <line number="80" hits="3" branch="True" condition-coverage="100% (2/2)">
                  <conditions>
                    <condition number="83" type="jump" coverage="100%" />
                  </conditions>
                </line>
                <line number="83" hits="222" branch="False" />
                <line number="84" hits="960" branch="False" />
              </lines>
            </method>
            <method name="GetCubeOwnerStr" signature="(System.Int32)" line-rate="0.8571" branch-rate="0.75" complexity="4">
              <lines>
                <line number="86" hits="3" branch="True" condition-coverage="75% (3/4)">
                  <conditions>
                    <condition number="7" type="switch" coverage="75%" />
                  </conditions>
                </line>
                <line number="87" hits="3" branch="False" />
                <line number="88" hits="1" branch="False" />
                <line number="89" hits="1" branch="False" />
                <line number="90" hits="1" branch="False" />
                <line number="91" hits="0" branch="False" />
                <line number="92" hits="3" branch="False" />
              </lines>
            </method>
          </methods>
          <lines>
            <line number="10" hits="8" branch="False" />
            <line number="13" hits="8" branch="True" condition-coverage="100% (2/2)">
              <conditions>
                <condition number="7" type="jump" coverage="100%" />
              </conditions>
            </line>
            <line number="14" hits="8" branch="True" condition-coverage="100% (2/2)">
              <conditions>
                <condition number="30" type="jump" coverage="100%" />
              </conditions>
            </line>
            <line number="16" hits="8" branch="False" />
            <line number="17" hits="8" branch="True" condition-coverage="100% (2/2)">
              <conditions>
                <condition number="66" type="jump" coverage="100%" />
              </conditions>
            </line>
            <line number="18" hits="3" branch="False" />
            <line number="19" hits="3" branch="True" condition-coverage="100% (2/2)">
              <conditions>
                <condition number="78" type="jump" coverage="100%" />
              </conditions>
            </line>
            <line number="20" hits="3" branch="False" />
            <line number="21" hits="3" branch="False" />
            <line number="22" hits="3" branch="False" />
            <line number="23" hits="3" branch="False" />
            <line number="26" hits="23" branch="False" />
            <line number="27" hits="4" branch="False" />
            <line number="29" hits="8" branch="False" />
            <line number="32" hits="8" branch="False" />
            <line number="35" hits="96" branch="True" condition-coverage="100% (2/2)">
              <conditions>
                <condition number="1002" type="jump" coverage="100%" />
              </conditions>
            </line>
            <line number="36" hits="40" branch="False" />
            <line number="37" hits="40" branch="False" />
            <line number="38" hits="40" branch="False" />
            <line number="39" hits="40" branch="False" />
            <line number="40" hits="40" branch="False" />
            <line number="43" hits="8" branch="False" />
            <line number="46" hits="96" branch="True" condition-coverage="100% (2/2)">
              <conditions>
                <condition number="1541" type="jump" coverage="100%" />
              </conditions>
            </line>
            <line number="47" hits="40" branch="False" />
            <line number="48" hits="40" branch="False" />
            <line number="49" hits="40" branch="False" />
            <line number="50" hits="40" branch="False" />
            <line number="51" hits="40" branch="False" />
            <line number="54" hits="8" branch="False" />
            <line number="56" hits="8" branch="False" />
            <line number="57" hits="8" branch="False" />
            <line number="58" hits="8" branch="False" />
            <line number="59" hits="8" branch="False" />
            <line number="61" hits="8" branch="False" />
            <line number="62" hits="8" branch="False" />
            <line number="63" hits="8" branch="False" />
            <line number="64" hits="8" branch="False" />
            <line number="67" hits="960" branch="False" />
            <line number="68" hits="960" branch="False" />
            <line number="71" hits="960" branch="False" />
            <line number="73" hits="960" branch="True" condition-coverage="100% (2/2)">
              <conditions>
                <condition number="14" type="jump" coverage="100%" />
              </conditions>
            </line>
            <line number="74" hits="960" branch="True" condition-coverage="100% (4/4)">
              <conditions>
                <condition number="23" type="jump" coverage="100%" />
                <condition number="27" type="jump" coverage="100%" />
              </conditions>
            </line>
            <line number="76" hits="1695" branch="True" condition-coverage="100% (2/2)">
              <conditions>
                <condition number="51" type="jump" coverage="100%" />
              </conditions>
            </line>
            <line number="78" hits="225" branch="True" condition-coverage="100% (4/4)">
              <conditions>
                <condition number="64" type="jump" coverage="100%" />
                <condition number="77" type="jump" coverage="100%" />
              </conditions>
            </line>
            <line number="79" hits="3" branch="False" />
            <line number="80" hits="3" branch="True" condition-coverage="100% (2/2)">
              <conditions>
                <condition number="83" type="jump" coverage="100%" />
              </conditions>
            </line>
            <line number="83" hits="222" branch="False" />
            <line number="84" hits="960" branch="False" />
            <line number="86" hits="3" branch="True" condition-coverage="75% (3/4)">
              <conditions>
                <condition number="7" type="switch" coverage="75%" />
              </conditions>
            </line>
            <line number="87" hits="3" branch="False" />
            <line number="88" hits="1" branch="False" />
            <line number="89" hits="1" branch="False" />
            <line number="90" hits="1" branch="False" />
            <line number="91" hits="0" branch="False" />
            <line number="92" hits="3" branch="False" />
          </lines>
        </class>
        <class name="EngineCore.BearoffEvaluator" filename="BearoffEvaluator.cs" line-rate="0.7791" branch-rate="0.6944" complexity="74">
          <methods>
            <method name="get_IsTwoSidedLoaded" signature="()" line-rate="1" branch-rate="1" complexity="1">
              <lines>
                <line number="27" hits="2" branch="False" />
              </lines>
            </method>
            <method name="get_IsOneSidedLoaded" signature="()" line-rate="1" branch-rate="1" complexity="1">
              <lines>
                <line number="30" hits="3" branch="False" />
              </lines>
            </method>
            <method name="Evaluate" signature="(System.UInt32,System.UInt32,EngineCore.PositionClass)" line-rate="0.9285" branch-rate="0.75" complexity="24">
              <lines>
                <line number="124" hits="4" branch="False" />
                <line number="126" hits="4" branch="True" condition-coverage="100% (6/6)">
                  <conditions>
                    <condition number="3" type="jump" coverage="100%" />
                    <condition number="11" type="jump" coverage="100%" />
                    <condition number="27" type="jump" coverage="100%" />
                  </conditions>
                </line>
                <line number="127" hits="2" branch="False" />
                <line number="129" hits="2" branch="True" condition-coverage="50% (2/4)">
                  <conditions>
                    <condition number="36" type="jump" coverage="50%" />
                    <condition number="54" type="jump" coverage="50%" />
                  </conditions>
                </line>
                <line number="130" hits="2" branch="False" />
                <line number="133" hits="2" branch="False" />
                <line number="135" hits="2" branch="False" />
                <line number="138" hits="2" branch="False" />
                <line number="141" hits="2" branch="False" />
                <line number="146" hits="2" branch="False" />
                <line number="149" hits="2" branch="False" />
                <line number="151" hits="2" branch="False" />
                <line number="152" hits="2" branch="False" />
                <line number="153" hits="2" branch="False" />
                <line number="154" hits="2" branch="False" />
                <line number="155" hits="2" branch="False" />
                <line number="156" hits="2" branch="False" />
                <line number="157" hits="2" branch="False" />
                <line number="158" hits="2" branch="False" />
                <line number="160" hits="0" branch="False" />
                <line number="163" hits="2" branch="True" condition-coverage="100% (6/6)">
                  <conditions>
                    <condition number="155" type="jump" coverage="100%" />
                    <condition number="163" type="jump" coverage="100%" />
                    <condition number="181" type="jump" coverage="100%" />
                  </conditions>
                </line>
                <line number="164" hits="1" branch="False" />
                <line number="165" hits="1" branch="True" condition-coverage="50% (2/4)">
                  <conditions>
                    <condition number="190" type="jump" coverage="50%" />
                    <condition number="210" type="jump" coverage="50%" />
                  </conditions>
                </line>
                <line number="166" hits="1" branch="False" />
                <line number="167" hits="1" branch="False" />
                <line number="168" hits="1" branch="False" />
                <line number="169" hits="1" branch="True" condition-coverage="50% (2/4)">
                  <conditions>
                    <condition number="233" type="jump" coverage="50%" />
                    <condition number="247" type="jump" coverage="50%" />
                  </conditions>
                </line>
                <line number="170" hits="1" branch="False" />
                <line number="171" hits="1" branch="False" />
                <line number="172" hits="1" branch="False" />
                <line number="173" hits="1" branch="False" />
                <line number="174" hits="1" branch="False" />
                <line number="175" hits="1" branch="False" />
                <line number="176" hits="1" branch="False" />
                <line number="177" hits="1" branch="False" />
                <line number="178" hits="1" branch="False" />
                <line number="179" hits="1" branch="False" />
                <line number="180" hits="1" branch="False" />
                <line number="182" hits="0" branch="False" />
                <line number="183" hits="0" branch="False" />
                <line number="186" hits="1" branch="False" />
                <line number="187" hits="4" branch="False" />
              </lines>
            </method>
            <method name="GetOneSidedDistribution" signature="(System.UInt32)" line-rate="0.84" branch-rate="0.625" complexity="16">
              <lines>
                <line number="194" hits="2" branch="False" />
                <line number="195" hits="2" branch="True" condition-coverage="50% (2/4)">
                  <conditions>
                    <condition number="7" type="jump" coverage="50%" />
                    <condition number="27" type="jump" coverage="50%" />
                  </conditions>
                </line>
                <line number="196" hits="2" branch="False" />
                <line number="197" hits="2" branch="False" />
                <line number="198" hits="2" branch="True" condition-coverage="50% (1/2)">
                  <conditions>
                    <condition number="84" type="jump" coverage="50%" />
                  </conditions>
                </line>
                <line number="201" hits="2" branch="False" />
                <line number="202" hits="2" branch="False" />
                <line number="204" hits="2" branch="True" condition-coverage="50% (2/4)">
                  <conditions>
                    <condition number="105" type="jump" coverage="50%" />
                    <condition number="125" type="jump" coverage="50%" />
                  </conditions>
                </line>
                <line number="205" hits="0" branch="False" />
                <line number="206" hits="0" branch="False" />
                <line number="207" hits="0" branch="False" />
                <line number="208" hits="0" branch="False" />
                <line number="210" hits="2" branch="False" />
                <line number="211" hits="2" branch="False" />
                <line number="212" hits="192" branch="True" condition-coverage="100% (2/2)">
                  <conditions>
                    <condition number="224" type="jump" coverage="100%" />
                  </conditions>
                </line>
                <line number="213" hits="94" branch="False" />
                <line number="214" hits="94" branch="False" />
                <line number="215" hits="94" branch="False" />
                <line number="216" hits="94" branch="False" />
                <line number="217" hits="94" branch="False" />
                <line number="218" hits="2" branch="True" condition-coverage="50% (1/2)">
                  <conditions>
                    <condition number="242" type="jump" coverage="50%" />
                  </conditions>
                </line>
                <line number="219" hits="192" branch="True" condition-coverage="100% (2/2)">
                  <conditions>
                    <condition number="284" type="jump" coverage="100%" />
                  </conditions>
                </line>
                <line number="220" hits="94" branch="False" />
                <line number="221" hits="2" branch="False" />
                <line number="222" hits="2" branch="False" />
              </lines>
            </method>
            <method name="CalculateOneSidedWinProb" signature="(System.Single[],System.Single[])" line-rate="1" branch-rate="1" complexity="6">
              <lines>
                <line number="230" hits="3" branch="False" />
                <line number="231" hits="3" branch="False" />
                <line number="232" hits="3" branch="False" />
                <line number="235" hits="110" branch="True" condition-coverage="100% (2/2)">
                  <conditions>
                    <condition number="107" type="jump" coverage="100%" />
                  </conditions>
                </line>
                <line number="236" hits="52" branch="False" />
                <line number="237" hits="67" branch="True" condition-coverage="100% (2/2)">
                  <conditions>
                    <condition number="41" type="jump" coverage="100%" />
                  </conditions>
                </line>
                <line number="239" hits="37" branch="False" />
                <line number="243" hits="1734" branch="True" condition-coverage="100% (2/2)">
                  <conditions>
                    <condition number="82" type="jump" coverage="100%" />
                  </conditions>
                </line>
                <line number="244" hits="830" branch="False" />
                <line number="245" hits="830" branch="False" />
                <line number="246" hits="830" branch="False" />
                <line number="251" hits="37" branch="False" />
                <line number="252" hits="37" branch="False" />
                <line number="254" hits="3" branch="False" />
                <line number="255" hits="3" branch="False" />
              </lines>
            </method>
            <method name=".ctor" signature="(System.String)" line-rate="0.6329" branch-rate="0.6153" complexity="26">
              <lines>
                <line number="23" hits="481" branch="False" />
                <line number="24" hits="481" branch="False" />
                <line number="32" hits="481" branch="False" />
                <line number="33" hits="481" branch="False" />
                <line number="34" hits="481" branch="False" />
                <line number="35" hits="481" branch="False" />
                <line number="38" hits="481" branch="True" condition-coverage="100% (2/2)">
                  <conditions>
                    <condition number="54" type="jump" coverage="100%" />
                  </conditions>
                </line>
                <line number="39" hits="475" branch="False" />
                <line number="40" hits="475" branch="False" />
                <line number="42" hits="475" branch="True" condition-coverage="50% (1/2)">
                  <conditions>
                    <condition number="89" type="jump" coverage="50%" />
                  </conditions>
                </line>
                <line number="43" hits="475" branch="False" />
                <line number="44" hits="475" branch="False" />
                <line number="45" hits="475" branch="False" />
                <line number="46" hits="475" branch="False" />
                <line number="48" hits="0" branch="False" />
                <line number="49" hits="0" branch="False" />
                <line number="50" hits="0" branch="False" />
                <line number="51" hits="475" branch="False" />
                <line number="53" hits="6" branch="False" />
                <line number="54" hits="6" branch="False" />
                <line number="55" hits="6" branch="False" />
                <line number="58" hits="481" branch="True" condition-coverage="100% (2/2)">
                  <conditions>
                    <condition number="232" type="jump" coverage="100%" />
                  </conditions>
                </line>
                <line number="59" hits="475" branch="False" />
                <line number="61" hits="475" branch="False" />
                <line number="62" hits="475" branch="False" />
                <line number="63" hits="475" branch="True" condition-coverage="50% (1/2)">
                  <conditions>
                    <condition number="259" type="jump" coverage="50%" />
                  </conditions>
                </line>
                <line number="64" hits="475" branch="False" />
                <line number="65" hits="475" branch="False" />
                <line number="66" hits="475" branch="False" />
                <line number="67" hits="475" branch="True" condition-coverage="50% (2/4)">
                  <conditions>
                    <condition number="288" type="jump" coverage="50%" />
                    <condition number="311" type="jump" coverage="50%" />
                  </conditions>
                </line>
                <line number="68" hits="0" branch="False" />
                <line number="69" hits="0" branch="False" />
                <line number="70" hits="0" branch="False" />
                <line number="71" hits="0" branch="False" />
                <line number="72" hits="0" branch="False" />
                <line number="73" hits="0" branch="False" />
                <line number="74" hits="0" branch="False" />
                <line number="75" hits="475" branch="True" condition-coverage="50% (2/4)">
                  <conditions>
                    <condition number="376" type="jump" coverage="50%" />
                    <condition number="399" type="jump" coverage="50%" />
                  </conditions>
                </line>
                <line number="76" hits="0" branch="False" />
                <line number="77" hits="0" branch="False" />
                <line number="78" hits="0" branch="False" />
                <line number="79" hits="0" branch="False" />
                <line number="80" hits="0" branch="False" />
                <line number="81" hits="0" branch="False" />
                <line number="82" hits="0" branch="False" />
                <line number="84" hits="475" branch="False" />
                <line number="86" hits="44650" branch="True" condition-coverage="100% (2/2)">
                  <conditions>
                    <condition number="571" type="jump" coverage="100%" />
                  </conditions>
                </line>
                <line number="87" hits="22325" branch="False" />
                <line number="88" hits="22325" branch="False" />
                <line number="89" hits="22325" branch="True" condition-coverage="75% (3/4)">
                  <conditions>
                    <condition number="480" type="jump" coverage="50%" />
                    <condition number="501" type="jump" coverage="100%" />
                  </conditions>
                </line>
                <line number="90" hits="475" branch="False" />
                <line number="91" hits="475" branch="False" />
                <line number="92" hits="475" branch="False" />
                <line number="93" hits="475" branch="False" />
                <line number="94" hits="475" branch="False" />
                <line number="95" hits="475" branch="False" />
                <line number="96" hits="475" branch="False" />
                <line number="98" hits="21850" branch="False" />
                <line number="99" hits="475" branch="True" condition-coverage="50% (1/2)">
                  <conditions>
                    <condition number="586" type="jump" coverage="50%" />
                  </conditions>
                </line>
                <line number="100" hits="0" branch="False" />
                <line number="101" hits="475" branch="False" />
                <line number="102" hits="475" branch="False" />
                <line number="103" hits="0" branch="True" condition-coverage="0% (0/2)">
                  <conditions>
                    <condition number="663" type="jump" coverage="0%" />
                  </conditions>
                </line>
                <line number="104" hits="0" branch="False" />
                <line number="105" hits="0" branch="False" />
                <line number="106" hits="0" branch="False" />
                <line number="108" hits="0" branch="False" />
                <line number="109" hits="0" branch="False" />
                <line number="110" hits="0" branch="False" />
                <line number="111" hits="475" branch="False" />
                <line number="112" hits="0" branch="False" />
                <line number="113" hits="0" branch="False" />
                <line number="114" hits="0" branch="False" />
                <line number="115" hits="0" branch="False" />
                <line number="116" hits="475" branch="False" />
                <line number="118" hits="6" branch="False" />
                <line number="119" hits="6" branch="False" />
                <line number="120" hits="6" branch="False" />
                <line number="121" hits="481" branch="False" />
              </lines>
            </method>
          </methods>
          <lines>
            <line number="27" hits="2" branch="False" />
            <line number="30" hits="3" branch="False" />
            <line number="124" hits="4" branch="False" />
            <line number="126" hits="4" branch="True" condition-coverage="100% (6/6)">
              <conditions>
                <condition number="3" type="jump" coverage="100%" />
                <condition number="11" type="jump" coverage="100%" />
                <condition number="27" type="jump" coverage="100%" />
              </conditions>
            </line>
            <line number="127" hits="2" branch="False" />
            <line number="129" hits="2" branch="True" condition-coverage="50% (2/4)">
              <conditions>
                <condition number="36" type="jump" coverage="50%" />
                <condition number="54" type="jump" coverage="50%" />
              </conditions>
            </line>
            <line number="130" hits="2" branch="False" />
            <line number="133" hits="2" branch="False" />
            <line number="135" hits="2" branch="False" />
            <line number="138" hits="2" branch="False" />
            <line number="141" hits="2" branch="False" />
            <line number="146" hits="2" branch="False" />
            <line number="149" hits="2" branch="False" />
            <line number="151" hits="2" branch="False" />
            <line number="152" hits="2" branch="False" />
            <line number="153" hits="2" branch="False" />
            <line number="154" hits="2" branch="False" />
            <line number="155" hits="2" branch="False" />
            <line number="156" hits="2" branch="False" />
            <line number="157" hits="2" branch="False" />
            <line number="158" hits="2" branch="False" />
            <line number="160" hits="0" branch="False" />
            <line number="163" hits="2" branch="True" condition-coverage="100% (6/6)">
              <conditions>
                <condition number="155" type="jump" coverage="100%" />
                <condition number="163" type="jump" coverage="100%" />
                <condition number="181" type="jump" coverage="100%" />
              </conditions>
            </line>
            <line number="164" hits="1" branch="False" />
            <line number="165" hits="1" branch="True" condition-coverage="50% (2/4)">
              <conditions>
                <condition number="190" type="jump" coverage="50%" />
                <condition number="210" type="jump" coverage="50%" />
              </conditions>
            </line>
            <line number="166" hits="1" branch="False" />
            <line number="167" hits="1" branch="False" />
            <line number="168" hits="1" branch="False" />
            <line number="169" hits="1" branch="True" condition-coverage="50% (2/4)">
              <conditions>
                <condition number="233" type="jump" coverage="50%" />
                <condition number="247" type="jump" coverage="50%" />
              </conditions>
            </line>
            <line number="170" hits="1" branch="False" />
            <line number="171" hits="1" branch="False" />
            <line number="172" hits="1" branch="False" />
            <line number="173" hits="1" branch="False" />
            <line number="174" hits="1" branch="False" />
            <line number="175" hits="1" branch="False" />
            <line number="176" hits="1" branch="False" />
            <line number="177" hits="1" branch="False" />
            <line number="178" hits="1" branch="False" />
            <line number="179" hits="1" branch="False" />
            <line number="180" hits="1" branch="False" />
            <line number="182" hits="0" branch="False" />
            <line number="183" hits="0" branch="False" />
            <line number="186" hits="1" branch="False" />
            <line number="187" hits="4" branch="False" />
            <line number="194" hits="2" branch="False" />
            <line number="195" hits="2" branch="True" condition-coverage="50% (2/4)">
              <conditions>
                <condition number="7" type="jump" coverage="50%" />
                <condition number="27" type="jump" coverage="50%" />
              </conditions>
            </line>
            <line number="196" hits="2" branch="False" />
            <line number="197" hits="2" branch="False" />
            <line number="198" hits="2" branch="True" condition-coverage="50% (1/2)">
              <conditions>
                <condition number="84" type="jump" coverage="50%" />
              </conditions>
            </line>
            <line number="201" hits="2" branch="False" />
            <line number="202" hits="2" branch="False" />
            <line number="204" hits="2" branch="True" condition-coverage="50% (2/4)">
              <conditions>
                <condition number="105" type="jump" coverage="50%" />
                <condition number="125" type="jump" coverage="50%" />
              </conditions>
            </line>
            <line number="205" hits="0" branch="False" />
            <line number="206" hits="0" branch="False" />
            <line number="207" hits="0" branch="False" />
            <line number="208" hits="0" branch="False" />
            <line number="210" hits="2" branch="False" />
            <line number="211" hits="2" branch="False" />
            <line number="212" hits="192" branch="True" condition-coverage="100% (2/2)">
              <conditions>
                <condition number="224" type="jump" coverage="100%" />
              </conditions>
            </line>
            <line number="213" hits="94" branch="False" />
            <line number="214" hits="94" branch="False" />
            <line number="215" hits="94" branch="False" />
            <line number="216" hits="94" branch="False" />
            <line number="217" hits="94" branch="False" />
            <line number="218" hits="2" branch="True" condition-coverage="50% (1/2)">
              <conditions>
                <condition number="242" type="jump" coverage="50%" />
              </conditions>
            </line>
            <line number="219" hits="192" branch="True" condition-coverage="100% (2/2)">
              <conditions>
                <condition number="284" type="jump" coverage="100%" />
              </conditions>
            </line>
            <line number="220" hits="94" branch="False" />
            <line number="221" hits="2" branch="False" />
            <line number="222" hits="2" branch="False" />
            <line number="230" hits="3" branch="False" />
            <line number="231" hits="3" branch="False" />
            <line number="232" hits="3" branch="False" />
            <line number="235" hits="110" branch="True" condition-coverage="100% (2/2)">
              <conditions>
                <condition number="107" type="jump" coverage="100%" />
              </conditions>
            </line>
            <line number="236" hits="52" branch="False" />
            <line number="237" hits="67" branch="True" condition-coverage="100% (2/2)">
              <conditions>
                <condition number="41" type="jump" coverage="100%" />
              </conditions>
            </line>
            <line number="239" hits="37" branch="False" />
            <line number="243" hits="1734" branch="True" condition-coverage="100% (2/2)">
              <conditions>
                <condition number="82" type="jump" coverage="100%" />
              </conditions>
            </line>
            <line number="244" hits="830" branch="False" />
            <line number="245" hits="830" branch="False" />
            <line number="246" hits="830" branch="False" />
            <line number="251" hits="37" branch="False" />
            <line number="252" hits="37" branch="False" />
            <line number="254" hits="3" branch="False" />
            <line number="255" hits="3" branch="False" />
            <line number="23" hits="481" branch="False" />
            <line number="24" hits="481" branch="False" />
            <line number="32" hits="481" branch="False" />
            <line number="33" hits="481" branch="False" />
            <line number="34" hits="481" branch="False" />
            <line number="35" hits="481" branch="False" />
            <line number="38" hits="481" branch="True" condition-coverage="100% (2/2)">
              <conditions>
                <condition number="54" type="jump" coverage="100%" />
              </conditions>
            </line>
            <line number="39" hits="475" branch="False" />
            <line number="40" hits="475" branch="False" />
            <line number="42" hits="475" branch="True" condition-coverage="50% (1/2)">
              <conditions>
                <condition number="89" type="jump" coverage="50%" />
              </conditions>
            </line>
            <line number="43" hits="475" branch="False" />
            <line number="44" hits="475" branch="False" />
            <line number="45" hits="475" branch="False" />
            <line number="46" hits="475" branch="False" />
            <line number="48" hits="0" branch="False" />
            <line number="49" hits="0" branch="False" />
            <line number="50" hits="0" branch="False" />
            <line number="51" hits="475" branch="False" />
            <line number="53" hits="6" branch="False" />
            <line number="54" hits="6" branch="False" />
            <line number="55" hits="6" branch="False" />
            <line number="58" hits="481" branch="True" condition-coverage="100% (2/2)">
              <conditions>
                <condition number="232" type="jump" coverage="100%" />
              </conditions>
            </line>
            <line number="59" hits="475" branch="False" />
            <line number="61" hits="475" branch="False" />
            <line number="62" hits="475" branch="False" />
            <line number="63" hits="475" branch="True" condition-coverage="50% (1/2)">
              <conditions>
                <condition number="259" type="jump" coverage="50%" />
              </conditions>
            </line>
            <line number="64" hits="475" branch="False" />
            <line number="65" hits="475" branch="False" />
            <line number="66" hits="475" branch="False" />
            <line number="67" hits="475" branch="True" condition-coverage="50% (2/4)">
              <conditions>
                <condition number="288" type="jump" coverage="50%" />
                <condition number="311" type="jump" coverage="50%" />
              </conditions>
            </line>
            <line number="68" hits="0" branch="False" />
            <line number="69" hits="0" branch="False" />
            <line number="70" hits="0" branch="False" />
            <line number="71" hits="0" branch="False" />
            <line number="72" hits="0" branch="False" />
            <line number="73" hits="0" branch="False" />
            <line number="74" hits="0" branch="False" />
            <line number="75" hits="475" branch="True" condition-coverage="50% (2/4)">
              <conditions>
                <condition number="376" type="jump" coverage="50%" />
                <condition number="399" type="jump" coverage="50%" />
              </conditions>
            </line>
            <line number="76" hits="0" branch="False" />
            <line number="77" hits="0" branch="False" />
            <line number="78" hits="0" branch="False" />
            <line number="79" hits="0" branch="False" />
            <line number="80" hits="0" branch="False" />
            <line number="81" hits="0" branch="False" />
            <line number="82" hits="0" branch="False" />
            <line number="84" hits="475" branch="False" />
            <line number="86" hits="44650" branch="True" condition-coverage="100% (2/2)">
              <conditions>
                <condition number="571" type="jump" coverage="100%" />
              </conditions>
            </line>
            <line number="87" hits="22325" branch="False" />
            <line number="88" hits="22325" branch="False" />
            <line number="89" hits="22325" branch="True" condition-coverage="75% (3/4)">
              <conditions>
                <condition number="480" type="jump" coverage="50%" />
                <condition number="501" type="jump" coverage="100%" />
              </conditions>
            </line>
            <line number="90" hits="475" branch="False" />
            <line number="91" hits="475" branch="False" />
            <line number="92" hits="475" branch="False" />
            <line number="93" hits="475" branch="False" />
            <line number="94" hits="475" branch="False" />
            <line number="95" hits="475" branch="False" />
            <line number="96" hits="475" branch="False" />
            <line number="98" hits="21850" branch="False" />
            <line number="99" hits="475" branch="True" condition-coverage="50% (1/2)">
              <conditions>
                <condition number="586" type="jump" coverage="50%" />
              </conditions>
            </line>
            <line number="100" hits="0" branch="False" />
            <line number="101" hits="475" branch="False" />
            <line number="102" hits="475" branch="False" />
            <line number="103" hits="0" branch="True" condition-coverage="0% (0/2)">
              <conditions>
                <condition number="663" type="jump" coverage="0%" />
              </conditions>
            </line>
            <line number="104" hits="0" branch="False" />
            <line number="105" hits="0" branch="False" />
            <line number="106" hits="0" branch="False" />
            <line number="108" hits="0" branch="False" />
            <line number="109" hits="0" branch="False" />
            <line number="110" hits="0" branch="False" />
            <line number="111" hits="475" branch="False" />
            <line number="112" hits="0" branch="False" />
            <line number="113" hits="0" branch="False" />
            <line number="114" hits="0" branch="False" />
            <line number="115" hits="0" branch="False" />
            <line number="116" hits="475" branch="False" />
            <line number="118" hits="6" branch="False" />
            <line number="119" hits="6" branch="False" />
            <line number="120" hits="6" branch="False" />
            <line number="121" hits="481" branch="False" />
          </lines>
        </class>
        <class name="EngineCore.BoardClassifier" filename="BoardClassifier.cs" line-rate="0.9193000000000001" branch-rate="0.8181" complexity="45">
          <methods>
            <method name="Classify" signature="(EngineCore.GameState)" line-rate="0.7368000000000001" branch-rate="0.6111" complexity="18">
              <lines>
                <line number="11" hits="20363" branch="False" />
                <line number="13" hits="20363" branch="False" />
                <line number="14" hits="20363" branch="False" />
                <line number="17" hits="20363" branch="True" condition-coverage="100% (4/4)">
                  <conditions>
                    <condition number="29" type="jump" coverage="100%" />
                    <condition number="40" type="jump" coverage="100%" />
                  </conditions>
                </line>
                <line number="18" hits="2" branch="False" />
                <line number="22" hits="20361" branch="True" condition-coverage="100% (2/2)">
                  <conditions>
                    <condition number="60" type="jump" coverage="100%" />
                  </conditions>
                </line>
                <line number="23" hits="20360" branch="False" />
                <line number="26" hits="20360" branch="True" condition-coverage="75% (3/4)">
                  <conditions>
                    <condition number="76" type="jump" coverage="50%" />
                    <condition number="98" type="jump" coverage="100%" />
                  </conditions>
                </line>
                <line number="27" hits="1" branch="False" />
                <line number="28" hits="1" branch="False" />
                <line number="31" hits="20359" branch="False" />
                <line number="36" hits="1" branch="True" condition-coverage="50% (2/4)">
                  <conditions>
                    <condition number="111" type="jump" coverage="50%" />
                    <condition number="124" type="jump" coverage="50%" />
                  </conditions>
                </line>
                <line number="37" hits="1" branch="False" />
                <line number="41" hits="0" branch="True" condition-coverage="0% (0/4)">
                  <conditions>
                    <condition number="147" type="jump" coverage="0%" />
                    <condition number="175" type="jump" coverage="0%" />
                  </conditions>
                </line>
                <line number="42" hits="0" branch="False" />
                <line number="43" hits="0" branch="False" />
                <line number="44" hits="0" branch="False" />
                <line number="47" hits="0" branch="False" />
                <line number="48" hits="20363" branch="False" />
              </lines>
            </method>
            <method name="GetFurthestBack" signature="(System.Int32[])" line-rate="1" branch-rate="1" complexity="4">
              <lines>
                <line number="51" hits="40726" branch="False" />
                <line number="52" hits="200218" branch="True" condition-coverage="100% (2/2)">
                  <conditions>
                    <condition number="35" type="jump" coverage="100%" />
                  </conditions>
                </line>
                <line number="53" hits="100107" branch="False" />
                <line number="54" hits="140831" branch="True" condition-coverage="100% (2/2)">
                  <conditions>
                    <condition number="15" type="jump" coverage="100%" />
                  </conditions>
                </line>
                <line number="55" hits="59383" branch="False" />
                <line number="56" hits="2" branch="False" />
                <line number="57" hits="40726" branch="False" />
              </lines>
            </method>
            <method name="IsCrashed" signature="(System.Int32[],System.Int32)" line-rate="1" branch-rate="0.875" complexity="8">
              <lines>
                <line number="60" hits="40720" branch="False" />
                <line number="61" hits="40720" branch="False" />
                <line number="62" hits="3176160" branch="True" condition-coverage="100% (2/2)">
                  <conditions>
                    <condition number="26" type="jump" coverage="100%" />
                  </conditions>
                </line>
                <line number="65" hits="40720" branch="True" condition-coverage="50% (1/2)">
                  <conditions>
                    <condition number="39" type="jump" coverage="50%" />
                  </conditions>
                </line>
                <line number="68" hits="40721" branch="True" condition-coverage="100% (4/4)">
                  <conditions>
                    <condition number="50" type="jump" coverage="100%" />
                    <condition number="70" type="jump" coverage="100%" />
                  </conditions>
                </line>
                <line number="70" hits="40719" branch="False" />
                <line number="71" hits="40720" branch="False" />
              </lines>
            </method>
            <method name="GetPositionBearoff" signature="(System.Int32[])" line-rate="1" branch-rate="1" complexity="4">
              <lines>
                <line number="78" hits="6" branch="False" />
                <line number="79" hits="6" branch="False" />
                <line number="80" hits="6" branch="False" />
                <line number="83" hits="6" branch="False" />
                <line number="84" hits="84" branch="True" condition-coverage="100% (2/2)">
                  <conditions>
                    <condition number="37" type="jump" coverage="100%" />
                  </conditions>
                </line>
                <line number="85" hits="36" branch="False" />
                <line number="87" hits="6" branch="False" />
                <line number="89" hits="72" branch="True" condition-coverage="100% (2/2)">
                  <conditions>
                    <condition number="88" type="jump" coverage="100%" />
                  </conditions>
                </line>
                <line number="90" hits="30" branch="False" />
                <line number="91" hits="30" branch="False" />
                <line number="92" hits="30" branch="False" />
                <line number="93" hits="30" branch="False" />
                <line number="95" hits="6" branch="False" />
                <line number="96" hits="6" branch="False" />
              </lines>
            </method>
            <method name="PositionF" signature="(System.UInt32,System.UInt32,System.UInt32)" line-rate="1" branch-rate="1" complexity="4">
              <lines>
                <line number="99" hits="103" branch="False" />
                <line number="100" hits="109" branch="True" condition-coverage="100% (2/2)">
                  <conditions>
                    <condition number="7" type="jump" coverage="100%" />
                  </conditions>
                </line>
                <line number="103" hits="97" branch="True" condition-coverage="100% (2/2)">
                  <conditions>
                    <condition number="28" type="jump" coverage="100%" />
                  </conditions>
                </line>
                <line number="104" hits="7" branch="False" />
                <line number="106" hits="90" branch="False" />
                <line number="107" hits="103" branch="False" />
              </lines>
            </method>
            <method name="PrecomputeCombinationTable" signature="()" line-rate="1" branch-rate="1" complexity="6">
              <lines>
                <line number="110" hits="1" branch="False" />
                <line number="111" hits="1" branch="False" />
                <line number="112" hits="122" branch="True" condition-coverage="100% (2/2)">
                  <conditions>
                    <condition number="37" type="jump" coverage="100%" />
                  </conditions>
                </line>
                <line number="113" hits="80" branch="True" condition-coverage="100% (2/2)">
                  <conditions>
                    <condition number="113" type="jump" coverage="100%" />
                  </conditions>
                </line>
                <line number="114" hits="1950" branch="True" condition-coverage="100% (2/2)">
                  <conditions>
                    <condition number="98" type="jump" coverage="100%" />
                  </conditions>
                </line>
                <line number="115" hits="936" branch="False" />
                <line number="116" hits="1" branch="False" />
                <line number="117" hits="1" branch="False" />
              </lines>
            </method>
            <method name=".cctor" signature="()" line-rate="1" branch-rate="1" complexity="1">
              <lines>
                <line number="5" hits="1" branch="False" />
              </lines>
            </method>
          </methods>
          <lines>
            <line number="11" hits="20363" branch="False" />
            <line number="13" hits="20363" branch="False" />
            <line number="14" hits="20363" branch="False" />
            <line number="17" hits="20363" branch="True" condition-coverage="100% (4/4)">
              <conditions>
                <condition number="29" type="jump" coverage="100%" />
                <condition number="40" type="jump" coverage="100%" />
              </conditions>
            </line>
            <line number="18" hits="2" branch="False" />
            <line number="22" hits="20361" branch="True" condition-coverage="100% (2/2)">
              <conditions>
                <condition number="60" type="jump" coverage="100%" />
              </conditions>
            </line>
            <line number="23" hits="20360" branch="False" />
            <line number="26" hits="20360" branch="True" condition-coverage="75% (3/4)">
              <conditions>
                <condition number="76" type="jump" coverage="50%" />
                <condition number="98" type="jump" coverage="100%" />
              </conditions>
            </line>
            <line number="27" hits="1" branch="False" />
            <line number="28" hits="1" branch="False" />
            <line number="31" hits="20359" branch="False" />
            <line number="36" hits="1" branch="True" condition-coverage="50% (2/4)">
              <conditions>
                <condition number="111" type="jump" coverage="50%" />
                <condition number="124" type="jump" coverage="50%" />
              </conditions>
            </line>
            <line number="37" hits="1" branch="False" />
            <line number="41" hits="0" branch="True" condition-coverage="0% (0/4)">
              <conditions>
                <condition number="147" type="jump" coverage="0%" />
                <condition number="175" type="jump" coverage="0%" />
              </conditions>
            </line>
            <line number="42" hits="0" branch="False" />
            <line number="43" hits="0" branch="False" />
            <line number="44" hits="0" branch="False" />
            <line number="47" hits="0" branch="False" />
            <line number="48" hits="20363" branch="False" />
            <line number="51" hits="40726" branch="False" />
            <line number="52" hits="200218" branch="True" condition-coverage="100% (2/2)">
              <conditions>
                <condition number="35" type="jump" coverage="100%" />
              </conditions>
            </line>
            <line number="53" hits="100107" branch="False" />
            <line number="54" hits="140831" branch="True" condition-coverage="100% (2/2)">
              <conditions>
                <condition number="15" type="jump" coverage="100%" />
              </conditions>
            </line>
            <line number="55" hits="59383" branch="False" />
            <line number="56" hits="2" branch="False" />
            <line number="57" hits="40726" branch="False" />
            <line number="60" hits="40720" branch="False" />
            <line number="61" hits="40720" branch="False" />
            <line number="62" hits="3176160" branch="True" condition-coverage="100% (2/2)">
              <conditions>
                <condition number="26" type="jump" coverage="100%" />
              </conditions>
            </line>
            <line number="65" hits="40720" branch="True" condition-coverage="50% (1/2)">
              <conditions>
                <condition number="39" type="jump" coverage="50%" />
              </conditions>
            </line>
            <line number="68" hits="40721" branch="True" condition-coverage="100% (4/4)">
              <conditions>
                <condition number="50" type="jump" coverage="100%" />
                <condition number="70" type="jump" coverage="100%" />
              </conditions>
            </line>
            <line number="70" hits="40719" branch="False" />
            <line number="71" hits="40720" branch="False" />
            <line number="78" hits="6" branch="False" />
            <line number="79" hits="6" branch="False" />
            <line number="80" hits="6" branch="False" />
            <line number="83" hits="6" branch="False" />
            <line number="84" hits="84" branch="True" condition-coverage="100% (2/2)">
              <conditions>
                <condition number="37" type="jump" coverage="100%" />
              </conditions>
            </line>
            <line number="85" hits="36" branch="False" />
            <line number="87" hits="6" branch="False" />
            <line number="89" hits="72" branch="True" condition-coverage="100% (2/2)">
              <conditions>
                <condition number="88" type="jump" coverage="100%" />
              </conditions>
            </line>
            <line number="90" hits="30" branch="False" />
            <line number="91" hits="30" branch="False" />
            <line number="92" hits="30" branch="False" />
            <line number="93" hits="30" branch="False" />
            <line number="95" hits="6" branch="False" />
            <line number="96" hits="6" branch="False" />
            <line number="99" hits="103" branch="False" />
            <line number="100" hits="109" branch="True" condition-coverage="100% (2/2)">
              <conditions>
                <condition number="7" type="jump" coverage="100%" />
              </conditions>
            </line>
            <line number="103" hits="97" branch="True" condition-coverage="100% (2/2)">
              <conditions>
                <condition number="28" type="jump" coverage="100%" />
              </conditions>
            </line>
            <line number="104" hits="7" branch="False" />
            <line number="106" hits="90" branch="False" />
            <line number="107" hits="103" branch="False" />
            <line number="110" hits="1" branch="False" />
            <line number="111" hits="1" branch="False" />
            <line number="112" hits="122" branch="True" condition-coverage="100% (2/2)">
              <conditions>
                <condition number="37" type="jump" coverage="100%" />
              </conditions>
            </line>
            <line number="113" hits="80" branch="True" condition-coverage="100% (2/2)">
              <conditions>
                <condition number="113" type="jump" coverage="100%" />
              </conditions>
            </line>
            <line number="114" hits="1950" branch="True" condition-coverage="100% (2/2)">
              <conditions>
                <condition number="98" type="jump" coverage="100%" />
              </conditions>
            </line>
            <line number="115" hits="936" branch="False" />
            <line number="116" hits="1" branch="False" />
            <line number="117" hits="1" branch="False" />
            <line number="5" hits="1" branch="False" />
          </lines>
        </class>
        <class name="EngineCore.Probabilities" filename="CubeEvaluator.cs" line-rate="1" branch-rate="1" complexity="7">
          <methods>
            <method name="get_Win" signature="()" line-rate="1" branch-rate="1" complexity="1">
              <lines>
                <line number="6" hits="1234000" branch="False" />
              </lines>
            </method>
            <method name="get_WinGammon" signature="()" line-rate="1" branch-rate="1" complexity="1">
              <lines>
                <line number="7" hits="528875" branch="False" />
              </lines>
            </method>
            <method name="get_WinBackgammon" signature="()" line-rate="1" branch-rate="1" complexity="1">
              <lines>
                <line number="8" hits="528878" branch="False" />
              </lines>
            </method>
            <method name="get_LoseGammon" signature="()" line-rate="1" branch-rate="1" complexity="1">
              <lines>
                <line number="9" hits="528874" branch="False" />
              </lines>
            </method>
            <method name="get_LoseBackgammon" signature="()" line-rate="1" branch-rate="1" complexity="1">
              <lines>
                <line number="10" hits="528877" branch="False" />
              </lines>
            </method>
            <method name="get_Lose" signature="()" line-rate="1" branch-rate="1" complexity="1">
              <lines>
                <line number="12" hits="9" branch="False" />
              </lines>
            </method>
            <method name=".ctor" signature="(System.Single,System.Single,System.Single,System.Single,System.Single)" line-rate="1" branch-rate="1" complexity="1">
              <lines>
                <line number="5" hits="176292" branch="False" />
                <line number="11" hits="176292" branch="False" />
                <line number="13" hits="176292" branch="False" />
              </lines>
            </method>
          </methods>
          <lines>
            <line number="6" hits="1234000" branch="False" />
            <line number="7" hits="528875" branch="False" />
            <line number="8" hits="528878" branch="False" />
            <line number="9" hits="528874" branch="False" />
            <line number="10" hits="528877" branch="False" />
            <line number="12" hits="9" branch="False" />
            <line number="5" hits="176292" branch="False" />
            <line number="11" hits="176292" branch="False" />
            <line number="13" hits="176292" branch="False" />
          </lines>
        </class>
        <class name="EngineCore.CubeEvaluator" filename="CubeEvaluator.cs" line-rate="0.9151" branch-rate="0.8425" complexity="110">
          <methods>
            <method name="CalculateCubelessEquity" signature="(EngineCore.Probabilities)" line-rate="1" branch-rate="1" complexity="1">
              <lines>
                <line number="45" hits="5" branch="False" />
                <line number="48" hits="5" branch="False" />
                <line number="49" hits="5" branch="False" />
                <line number="50" hits="5" branch="False" />
                <line number="51" hits="5" branch="False" />
              </lines>
            </method>
            <method name="CalculateCubelessEquity" signature="(EngineCore.Probabilities,EngineCore.MatchState)" line-rate="1" branch-rate="1" complexity="4">
              <lines>
                <line number="57" hits="176283" branch="False" />
                <line number="59" hits="176283" branch="True" condition-coverage="100% (4/4)">
                  <conditions>
                    <condition number="7" type="jump" coverage="100%" />
                    <condition number="16" type="jump" coverage="100%" />
                  </conditions>
                </line>
                <line number="61" hits="176283" branch="False" />
                <line number="62" hits="176283" branch="False" />
                <line number="63" hits="176283" branch="False" />
                <line number="64" hits="176283" branch="False" />
              </lines>
            </method>
            <method name="GetMoneyLive" signature="(System.Single,System.Single,System.Single,EngineCore.MatchState)" line-rate="0.909" branch-rate="0.875" complexity="16">
              <lines>
                <line number="70" hits="176275" branch="False" />
                <line number="71" hits="176275" branch="True" condition-coverage="100% (2/2)">
                  <conditions>
                    <condition number="13" type="jump" coverage="100%" />
                  </conditions>
                </line>
                <line number="72" hits="176271" branch="False" />
                <line number="73" hits="176271" branch="False" />
                <line number="74" hits="176271" branch="False" />
                <line number="76" hits="176271" branch="True" condition-coverage="100% (2/2)">
                  <conditions>
                    <condition number="61" type="jump" coverage="100%" />
                  </conditions>
                </line>
                <line number="77" hits="13963" branch="True" condition-coverage="100% (2/2)">
                  <conditions>
                    <condition number="70" type="jump" coverage="100%" />
                  </conditions>
                </line>
                <line number="78" hits="162308" branch="True" condition-coverage="100% (2/2)">
                  <conditions>
                    <condition number="108" type="jump" coverage="100%" />
                  </conditions>
                </line>
                <line number="79" hits="154786" branch="False" />
                <line number="81" hits="7522" branch="True" condition-coverage="100% (2/2)">
                  <conditions>
                    <condition number="143" type="jump" coverage="100%" />
                  </conditions>
                </line>
                <line number="83" hits="4" branch="True" condition-coverage="100% (2/2)">
                  <conditions>
                    <condition number="204" type="jump" coverage="100%" />
                  </conditions>
                </line>
                <line number="84" hits="2" branch="False" />
                <line number="85" hits="2" branch="False" />
                <line number="87" hits="2" branch="True" condition-coverage="50% (1/2)">
                  <conditions>
                    <condition number="235" type="jump" coverage="50%" />
                  </conditions>
                </line>
                <line number="88" hits="2" branch="False" />
                <line number="90" hits="0" branch="False" />
                <line number="93" hits="2" branch="False" />
                <line number="94" hits="2" branch="False" />
                <line number="96" hits="2" branch="True" condition-coverage="50% (1/2)">
                  <conditions>
                    <condition number="316" type="jump" coverage="50%" />
                  </conditions>
                </line>
                <line number="97" hits="0" branch="False" />
                <line number="99" hits="2" branch="False" />
                <line number="101" hits="176275" branch="False" />
              </lines>
            </method>
            <method name="CalculateCubefulEquity" signature="(EngineCore.Probabilities,EngineCore.MatchState,System.Single)" line-rate="1" branch-rate="1" complexity="4">
              <lines>
                <line number="107" hits="176277" branch="False" />
                <line number="110" hits="176277" branch="True" condition-coverage="100% (2/2)">
                  <conditions>
                    <condition number="18" type="jump" coverage="100%" />
                  </conditions>
                </line>
                <line number="111" hits="176276" branch="False" />
                <line number="113" hits="1" branch="False" />
                <line number="115" hits="176276" branch="True" condition-coverage="100% (2/2)">
                  <conditions>
                    <condition number="78" type="jump" coverage="100%" />
                  </conditions>
                </line>
                <line number="116" hits="176275" branch="False" />
                <line number="118" hits="1" branch="False" />
                <line number="120" hits="176275" branch="False" />
                <line number="121" hits="176275" branch="False" />
                <line number="123" hits="176275" branch="False" />
                <line number="124" hits="176277" branch="False" />
              </lines>
            </method>
            <method name="GetMoneyCubeAction" signature="(System.Single,System.Single,System.Single)" line-rate="0.7646999999999999" branch-rate="0.75" complexity="12">
              <lines>
                <line number="130" hits="3" branch="False" />
                <line number="132" hits="3" branch="True" condition-coverage="100% (4/4)">
                  <conditions>
                    <condition number="3" type="jump" coverage="100%" />
                    <condition number="17" type="jump" coverage="100%" />
                  </conditions>
                </line>
                <line number="133" hits="2" branch="False" />
                <line number="135" hits="2" branch="True" condition-coverage="100% (2/2)">
                  <conditions>
                    <condition number="26" type="jump" coverage="100%" />
                  </conditions>
                </line>
                <line number="136" hits="1" branch="False" />
                <line number="138" hits="1" branch="False" />
                <line number="141" hits="1" branch="False" />
                <line number="142" hits="1" branch="True" condition-coverage="50% (1/2)">
                  <conditions>
                    <condition number="43" type="jump" coverage="50%" />
                  </conditions>
                </line>
                <line number="143" hits="1" branch="False" />
                <line number="144" hits="1" branch="True" condition-coverage="50% (1/2)">
                  <conditions>
                    <condition number="54" type="jump" coverage="50%" />
                  </conditions>
                </line>
                <line number="145" hits="0" branch="False" />
                <line number="146" hits="1" branch="True" condition-coverage="50% (1/2)">
                  <conditions>
                    <condition number="68" type="jump" coverage="50%" />
                  </conditions>
                </line>
                <line number="147" hits="0" branch="False" />
                <line number="149" hits="1" branch="False" />
                <line number="152" hits="0" branch="False" />
                <line number="153" hits="0" branch="False" />
                <line number="156" hits="3" branch="False" />
              </lines>
            </method>
            <method name="GetMoneyCubeAction" signature="(System.Single,System.Single,System.Single,System.Boolean)" line-rate="1" branch-rate="0.9444" complexity="18">
              <lines>
                <line number="162" hits="8" branch="False" />
                <line number="164" hits="8" branch="True" condition-coverage="100% (4/4)">
                  <conditions>
                    <condition number="3" type="jump" coverage="100%" />
                    <condition number="17" type="jump" coverage="100%" />
                  </conditions>
                </line>
                <line number="165" hits="2" branch="False" />
                <line number="167" hits="2" branch="True" condition-coverage="100% (2/2)">
                  <conditions>
                    <condition number="26" type="jump" coverage="100%" />
                  </conditions>
                </line>
                <line number="168" hits="1" branch="False" />
                <line number="170" hits="1" branch="False" />
                <line number="173" hits="6" branch="False" />
                <line number="174" hits="6" branch="True" condition-coverage="100% (2/2)">
                  <conditions>
                    <condition number="43" type="jump" coverage="100%" />
                  </conditions>
                </line>
                <line number="175" hits="5" branch="False" />
                <line number="176" hits="5" branch="True" condition-coverage="100% (2/2)">
                  <conditions>
                    <condition number="54" type="jump" coverage="100%" />
                  </conditions>
                </line>
                <line number="177" hits="2" branch="False" />
                <line number="179" hits="2" branch="True" condition-coverage="100% (2/2)">
                  <conditions>
                    <condition number="59" type="jump" coverage="100%" />
                  </conditions>
                </line>
                <line number="181" hits="3" branch="True" condition-coverage="100% (2/2)">
                  <conditions>
                    <condition number="76" type="jump" coverage="100%" />
                  </conditions>
                </line>
                <line number="182" hits="2" branch="False" />
                <line number="184" hits="2" branch="True" condition-coverage="100% (2/2)">
                  <conditions>
                    <condition number="81" type="jump" coverage="100%" />
                  </conditions>
                </line>
                <line number="187" hits="1" branch="False" />
                <line number="189" hits="1" branch="False" />
                <line number="193" hits="1" branch="False" />
                <line number="195" hits="1" branch="True" condition-coverage="50% (1/2)">
                  <conditions>
                    <condition number="98" type="jump" coverage="50%" />
                  </conditions>
                </line>
                <line number="198" hits="8" branch="False" />
              </lines>
            </method>
            <method name="CalculateCubelessMwc" signature="(EngineCore.Probabilities,System.Int32,System.Int32,System.Int32)" line-rate="1" branch-rate="1" complexity="1">
              <lines>
                <line number="205" hits="8" branch="False" />
                <line number="207" hits="8" branch="False" />
                <line number="208" hits="8" branch="False" />
                <line number="209" hits="8" branch="False" />
                <line number="211" hits="8" branch="False" />
                <line number="212" hits="8" branch="False" />
                <line number="213" hits="8" branch="False" />
                <line number="216" hits="8" branch="False" />
                <line number="217" hits="8" branch="False" />
                <line number="218" hits="8" branch="False" />
                <line number="220" hits="8" branch="False" />
                <line number="221" hits="8" branch="False" />
                <line number="222" hits="8" branch="False" />
                <line number="225" hits="8" branch="False" />
                <line number="226" hits="8" branch="False" />
                <line number="227" hits="8" branch="False" />
              </lines>
            </method>
            <method name="IsCubeLiveInMatch" signature="(System.Int32,System.Int32,System.Int32,System.Boolean)" line-rate="1" branch-rate="1" complexity="6">
              <lines>
                <line number="234" hits="3" branch="False" />
                <line number="235" hits="3" branch="True" condition-coverage="100% (2/2)">
                  <conditions>
                    <condition number="5" type="jump" coverage="100%" />
                  </conditions>
                </line>
                <line number="236" hits="1" branch="False" />
                <line number="238" hits="2" branch="True" condition-coverage="100% (4/4)">
                  <conditions>
                    <condition number="13" type="jump" coverage="100%" />
                    <condition number="27" type="jump" coverage="100%" />
                  </conditions>
                </line>
                <line number="239" hits="1" branch="False" />
                <line number="241" hits="1" branch="False" />
                <line number="242" hits="3" branch="False" />
              </lines>
            </method>
            <method name="GetMatchCubeAction" signature="(System.Single,System.Single,System.Single,System.Boolean,System.Boolean)" line-rate="1" branch-rate="1" complexity="20">
              <lines>
                <line number="250" hits="10" branch="False" />
                <line number="252" hits="10" branch="True" condition-coverage="100% (2/2)">
                  <conditions>
                    <condition number="8" type="jump" coverage="100%" />
                  </conditions>
                </line>
                <line number="253" hits="1" branch="False" />
                <line number="256" hits="9" branch="True" condition-coverage="100% (4/4)">
                  <conditions>
                    <condition number="16" type="jump" coverage="100%" />
                    <condition number="30" type="jump" coverage="100%" />
                  </conditions>
                </line>
                <line number="257" hits="2" branch="False" />
                <line number="258" hits="2" branch="True" condition-coverage="100% (2/2)">
                  <conditions>
                    <condition number="39" type="jump" coverage="100%" />
                  </conditions>
                </line>
                <line number="259" hits="1" branch="False" />
                <line number="261" hits="1" branch="False" />
                <line number="264" hits="7" branch="False" />
                <line number="265" hits="7" branch="True" condition-coverage="100% (2/2)">
                  <conditions>
                    <condition number="58" type="jump" coverage="100%" />
                  </conditions>
                </line>
                <line number="266" hits="5" branch="False" />
                <line number="267" hits="5" branch="True" condition-coverage="100% (2/2)">
                  <conditions>
                    <condition number="69" type="jump" coverage="100%" />
                  </conditions>
                </line>
                <line number="268" hits="2" branch="True" condition-coverage="100% (2/2)">
                  <conditions>
                    <condition number="73" type="jump" coverage="100%" />
                  </conditions>
                </line>
                <line number="269" hits="3" branch="True" condition-coverage="100% (2/2)">
                  <conditions>
                    <condition number="90" type="jump" coverage="100%" />
                  </conditions>
                </line>
                <line number="270" hits="2" branch="True" condition-coverage="100% (2/2)">
                  <conditions>
                    <condition number="94" type="jump" coverage="100%" />
                  </conditions>
                </line>
                <line number="272" hits="1" branch="False" />
                <line number="275" hits="2" branch="False" />
                <line number="276" hits="2" branch="True" condition-coverage="100% (2/2)">
                  <conditions>
                    <condition number="110" type="jump" coverage="100%" />
                  </conditions>
                </line>
                <line number="279" hits="10" branch="False" />
              </lines>
            </method>
            <method name="CalculateCubefulMwc" signature="(EngineCore.Probabilities,System.Int32,System.Int32,System.Int32,System.Int32,System.Single)" line-rate="1" branch-rate="1" complexity="8">
              <lines>
                <line number="286" hits="4" branch="False" />
[...]
            <line number="73" hits="5270" branch="False" />
            <line number="74" hits="5270" branch="False" />
            <line number="75" hits="91504" branch="False" />
            <line number="77" hits="912" branch="False" />
            <line number="78" hits="913" branch="False" />
            <line number="84" hits="30" branch="False" />
            <line number="85" hits="30" branch="False" />
            <line number="88" hits="1350" branch="True" condition-coverage="100% (2/2)">
              <conditions>
                <condition number="268" type="jump" coverage="100%" />
              </conditions>
            </line>
            <line number="89" hits="630" branch="False" />
            <line number="91" hits="630" branch="False" />
            <line number="93" hits="630" branch="False" />
            <line number="96" hits="630" branch="True" condition-coverage="50% (1/2)">
              <conditions>
                <condition number="74" type="jump" coverage="50%" />
              </conditions>
            </line>
            <line number="97" hits="0" branch="False" />
            <line number="98" hits="0" branch="False" />
            <line number="99" hits="0" branch="False" />
            <line number="102" hits="630" branch="False" />
            <line number="105" hits="79906" branch="True" condition-coverage="100% (2/2)">
              <conditions>
                <condition number="228" type="jump" coverage="100%" />
              </conditions>
            </line>
            <line number="106" hits="39008" branch="False" />
            <line number="107" hits="39008" branch="True" condition-coverage="100% (2/2)">
              <conditions>
                <condition number="144" type="jump" coverage="100%" />
              </conditions>
            </line>
            <line number="110" hits="39008" branch="True" condition-coverage="50% (1/2)">
              <conditions>
                <condition number="159" type="jump" coverage="50%" />
              </conditions>
            </line>
            <line number="111" hits="39008" branch="False" />
            <line number="112" hits="39008" branch="False" />
            <line number="113" hits="39008" branch="False" />
            <line number="115" hits="0" branch="False" />
            <line number="117" hits="0" branch="False" />
            <line number="118" hits="0" branch="False" />
            <line number="120" hits="39008" branch="True" condition-coverage="100% (2/2)">
              <conditions>
                <condition number="212" type="jump" coverage="100%" />
              </conditions>
            </line>
            <line number="121" hits="1622" branch="False" />
            <line number="122" hits="1622" branch="False" />
            <line number="123" hits="1622" branch="False" />
            <line number="124" hits="39008" branch="False" />
            <line number="127" hits="630" branch="False" />
            <line number="128" hits="630" branch="False" />
            <line number="130" hits="30" branch="False" />
            <line number="131" hits="30" branch="False" />
            <line number="135" hits="630" branch="False" />
            <line number="136" hits="630" branch="False" />
            <line number="137" hits="630" branch="False" />
            <line number="138" hits="630" branch="False" />
            <line number="139" hits="630" branch="False" />
            <line number="140" hits="630" branch="False" />
            <line number="141" hits="630" branch="False" />
            <line number="142" hits="630" branch="False" />
            <line number="143" hits="630" branch="False" />
            <line number="144" hits="630" branch="False" />
            <line number="145" hits="630" branch="False" />
            <line number="146" hits="630" branch="False" />
            <line number="147" hits="630" branch="False" />
            <line number="148" hits="630" branch="False" />
            <line number="154" hits="176265" branch="False" />
            <line number="156" hits="176265" branch="False" />
            <line number="160" hits="176265" branch="True" condition-coverage="100% (4/4)">
              <conditions>
                <condition number="22" type="jump" coverage="100%" />
                <condition number="35" type="jump" coverage="100%" />
              </conditions>
            </line>
            <line number="161" hits="20359" branch="False" />
            <line number="162" hits="20359" branch="False" />
            <line number="163" hits="20359" branch="False" />
            <line number="165" hits="20359" branch="False" />
            <line number="167" hits="20359" branch="True" condition-coverage="50% (2/4)">
              <conditions>
                <condition number="74" type="jump" coverage="50%" />
                <condition number="88" type="jump" coverage="50%" />
              </conditions>
            </line>
            <line number="168" hits="0" branch="False" />
            <line number="169" hits="0" branch="False" />
            <line number="170" hits="0" branch="False" />
            <line number="171" hits="0" branch="False" />
            <line number="172" hits="0" branch="False" />
            <line number="174" hits="20359" branch="True" condition-coverage="100% (2/2)">
              <conditions>
                <condition number="148" type="jump" coverage="100%" />
              </conditions>
            </line>
            <line number="175" hits="20359" branch="False" />
            <line number="176" hits="20359" branch="False" />
            <line number="177" hits="20359" branch="False" />
            <line number="178" hits="20359" branch="False" />
            <line number="181" hits="20359" branch="False" />
            <line number="182" hits="20359" branch="False" />
            <line number="185" hits="176265" branch="False" />
            <line number="186" hits="176265" branch="False" />
            <line number="187" hits="176265" branch="False" />
            <line number="188" hits="176265" branch="False" />
            <line number="189" hits="176265" branch="False" />
            <line number="190" hits="176265" branch="False" />
            <line number="191" hits="176265" branch="False" />
            <line number="193" hits="176265" branch="True" condition-coverage="50% (1/2)">
              <conditions>
                <condition number="225" type="jump" coverage="50%" />
              </conditions>
            </line>
            <line number="194" hits="176265" branch="True" condition-coverage="50% (1/2)">
              <conditions>
                <condition number="249" type="jump" coverage="50%" />
              </conditions>
            </line>
            <line number="195" hits="176265" branch="False" />
            <line number="197" hits="0" branch="False" />
            <line number="198" hits="0" branch="False" />
            <line number="199" hits="0" branch="False" />
            <line number="200" hits="0" branch="False" />
            <line number="202" hits="176265" branch="False" />
            <line number="204" hits="911" branch="False" />
            <line number="211" hits="45783" branch="False" />
            <line number="212" hits="45783" branch="False" />
            <line number="213" hits="45783" branch="False" />
            <line number="17" hits="472" branch="False" />
            <line number="18" hits="472" branch="False" />
            <line number="19" hits="472" branch="False" />
            <line number="20" hits="472" branch="False" />
            <line number="21" hits="472" branch="False" />
            <line number="22" hits="472" branch="False" />
            <line number="23" hits="472" branch="False" />
            <line number="24" hits="472" branch="True" condition-coverage="100% (2/2)">
              <conditions>
                <condition number="18" type="jump" coverage="100%" />
              </conditions>
            </line>
            <line number="25" hits="472" branch="True" condition-coverage="100% (2/2)">
              <conditions>
                <condition number="30" type="jump" coverage="100%" />
              </conditions>
            </line>
            <line number="26" hits="472" branch="True" condition-coverage="50% (1/2)">
              <conditions>
                <condition number="52" type="jump" coverage="50%" />
              </conditions>
            </line>
            <line number="27" hits="472" branch="False" />
            <line number="30" hits="472" branch="False" />
            <line number="31" hits="472" branch="False" />
            <line number="34" hits="1" branch="False" />
            <line number="35" hits="1" branch="False" />
            <line number="36" hits="1" branch="False" />
            <line number="37" hits="1" branch="False" />
            <line number="38" hits="1" branch="False" />
            <line number="39" hits="1" branch="False" />
            <line number="40" hits="1" branch="False" />
          </lines>
        </class>
        <class name="EngineCore.WeightParser" filename="WeightParser.cs" line-rate="0.9606999999999999" branch-rate="0.8636" complexity="22">
          <methods>
            <method name="Load" signature="(System.String)" line-rate="0.9229999999999999" branch-rate="0.75" complexity="4">
              <lines>
                <line number="11" hits="469" branch="False" />
                <line number="12" hits="469" branch="True" condition-coverage="50% (1/2)">
                  <conditions>
                    <condition number="14" type="jump" coverage="50%" />
                  </conditions>
                </line>
                <line number="13" hits="0" branch="False" />
                <line number="15" hits="469" branch="False" />
                <line number="16" hits="469" branch="False" />
                <line number="18" hits="469" branch="False" />
                <line number="19" hits="469" branch="False" />
                <line number="21" hits="3283" branch="True" condition-coverage="100% (2/2)">
                  <conditions>
                    <condition number="102" type="jump" coverage="100%" />
                  </conditions>
                </line>
                <line number="22" hits="2814" branch="False" />
                <line number="23" hits="2814" branch="False" />
                <line number="24" hits="2814" branch="False" />
                <line number="26" hits="469" branch="False" />
                <line number="27" hits="469" branch="False" />
              </lines>
            </method>
            <method name="ParseSingleNet" signature="(System.String[],System.Int32&amp;)" line-rate="0.9736" branch-rate="0.8887999999999999" complexity="18">
              <lines>
                <line number="30" hits="2814" branch="False" />
                <line number="32" hits="8911" branch="True" condition-coverage="75% (3/4)">
                  <conditions>
                    <condition number="39" type="jump" coverage="100%" />
                    <condition number="16" type="jump" coverage="50%" />
                  </conditions>
                </line>
                <line number="33" hits="6097" branch="False" />
                <line number="34" hits="6097" branch="False" />
                <line number="35" hits="6097" branch="False" />
                <line number="37" hits="2814" branch="True" condition-coverage="50% (1/2)">
                  <conditions>
                    <condition number="55" type="jump" coverage="50%" />
                  </conditions>
                </line>
                <line number="38" hits="0" branch="False" />
                <line number="41" hits="2814" branch="False" />
                <line number="42" hits="2814" branch="False" />
                <line number="43" hits="2814" branch="False" />
                <line number="44" hits="2814" branch="False" />
                <line number="45" hits="2814" branch="False" />
                <line number="46" hits="2814" branch="False" />
                <line number="48" hits="2814" branch="False" />
                <line number="51" hits="1238160" branch="True" condition-coverage="100% (2/2)">
                  <conditions>
                    <condition number="301" type="jump" coverage="100%" />
                  </conditions>
                </line>
                <line number="52" hits="616266" branch="False" />
                <line number="53" hits="94462228" branch="True" condition-coverage="100% (2/2)">
                  <conditions>
                    <condition number="283" type="jump" coverage="100%" />
                  </conditions>
                </line>
                <line number="54" hits="46614848" branch="False" />
                <line number="55" hits="46614848" branch="False" />
                <line number="56" hits="46614848" branch="False" />
                <line number="57" hits="616266" branch="False" />
                <line number="60" hits="33768" branch="True" condition-coverage="100% (2/2)">
                  <conditions>
                    <condition number="389" type="jump" coverage="100%" />
                  </conditions>
                </line>
                <line number="61" hits="14070" branch="False" />
                <line number="62" hits="2016700" branch="True" condition-coverage="100% (2/2)">
                  <conditions>
                    <condition number="371" type="jump" coverage="100%" />
                  </conditions>
                </line>
                <line number="63" hits="994280" branch="False" />
                <line number="64" hits="994280" branch="False" />
                <line number="65" hits="994280" branch="False" />
                <line number="66" hits="14070" branch="False" />
                <line number="69" hits="403340" branch="True" condition-coverage="100% (2/2)">
                  <conditions>
                    <condition number="447" type="jump" coverage="100%" />
                  </conditions>
                </line>
                <line number="70" hits="198856" branch="False" />
                <line number="71" hits="198856" branch="False" />
                <line number="72" hits="198856" branch="False" />
                <line number="75" hits="33768" branch="True" condition-coverage="100% (2/2)">
                  <conditions>
                    <condition number="505" type="jump" coverage="100%" />
                  </conditions>
                </line>
                <line number="76" hits="14070" branch="False" />
                <line number="77" hits="14070" branch="False" />
                <line number="78" hits="14070" branch="False" />
                <line number="80" hits="2814" branch="False" />
                <line number="81" hits="2814" branch="False" />
              </lines>
            </method>
          </methods>
          <lines>
            <line number="11" hits="469" branch="False" />
            <line number="12" hits="469" branch="True" condition-coverage="50% (1/2)">
              <conditions>
                <condition number="14" type="jump" coverage="50%" />
              </conditions>
            </line>
            <line number="13" hits="0" branch="False" />
            <line number="15" hits="469" branch="False" />
            <line number="16" hits="469" branch="False" />
            <line number="18" hits="469" branch="False" />
            <line number="19" hits="469" branch="False" />
            <line number="21" hits="3283" branch="True" condition-coverage="100% (2/2)">
              <conditions>
                <condition number="102" type="jump" coverage="100%" />
              </conditions>
            </line>
            <line number="22" hits="2814" branch="False" />
            <line number="23" hits="2814" branch="False" />
            <line number="24" hits="2814" branch="False" />
            <line number="26" hits="469" branch="False" />
            <line number="27" hits="469" branch="False" />
            <line number="30" hits="2814" branch="False" />
            <line number="32" hits="8911" branch="True" condition-coverage="75% (3/4)">
              <conditions>
                <condition number="39" type="jump" coverage="100%" />
                <condition number="16" type="jump" coverage="50%" />
              </conditions>
            </line>
            <line number="33" hits="6097" branch="False" />
            <line number="34" hits="6097" branch="False" />
            <line number="35" hits="6097" branch="False" />
            <line number="37" hits="2814" branch="True" condition-coverage="50% (1/2)">
              <conditions>
                <condition number="55" type="jump" coverage="50%" />
              </conditions>
            </line>
            <line number="38" hits="0" branch="False" />
            <line number="41" hits="2814" branch="False" />
            <line number="42" hits="2814" branch="False" />
            <line number="43" hits="2814" branch="False" />
            <line number="44" hits="2814" branch="False" />
            <line number="45" hits="2814" branch="False" />
            <line number="46" hits="2814" branch="False" />
            <line number="48" hits="2814" branch="False" />
            <line number="51" hits="1238160" branch="True" condition-coverage="100% (2/2)">
              <conditions>
                <condition number="301" type="jump" coverage="100%" />
              </conditions>
            </line>
            <line number="52" hits="616266" branch="False" />
            <line number="53" hits="94462228" branch="True" condition-coverage="100% (2/2)">
              <conditions>
                <condition number="283" type="jump" coverage="100%" />
              </conditions>
            </line>
            <line number="54" hits="46614848" branch="False" />
            <line number="55" hits="46614848" branch="False" />
            <line number="56" hits="46614848" branch="False" />
            <line number="57" hits="616266" branch="False" />
            <line number="60" hits="33768" branch="True" condition-coverage="100% (2/2)">
              <conditions>
                <condition number="389" type="jump" coverage="100%" />
              </conditions>
            </line>
            <line number="61" hits="14070" branch="False" />
            <line number="62" hits="2016700" branch="True" condition-coverage="100% (2/2)">
              <conditions>
                <condition number="371" type="jump" coverage="100%" />
              </conditions>
            </line>
            <line number="63" hits="994280" branch="False" />
            <line number="64" hits="994280" branch="False" />
            <line number="65" hits="994280" branch="False" />
            <line number="66" hits="14070" branch="False" />
            <line number="69" hits="403340" branch="True" condition-coverage="100% (2/2)">
              <conditions>
                <condition number="447" type="jump" coverage="100%" />
              </conditions>
            </line>
            <line number="70" hits="198856" branch="False" />
            <line number="71" hits="198856" branch="False" />
            <line number="72" hits="198856" branch="False" />
            <line number="75" hits="33768" branch="True" condition-coverage="100% (2/2)">
              <conditions>
                <condition number="505" type="jump" coverage="100%" />
              </conditions>
            </line>
            <line number="76" hits="14070" branch="False" />
            <line number="77" hits="14070" branch="False" />
            <line number="78" hits="14070" branch="False" />
            <line number="80" hits="2814" branch="False" />
            <line number="81" hits="2814" branch="False" />
          </lines>
        </class>
      </classes>
    </package>
  </packages>
</coverage>