<?xml version="1.0" encoding="utf-8"?>
<CoverageSession>
  <Summary numSequencePoints="1599" visitedSequencePoints="1212" numBranchPoints="876" visitedBranchPoints="642" sequenceCoverage="75.79" branchCoverage="73.28" maxCyclomaticComplexity="949" minCyclomaticComplexity="949" visitedClasses="18" numClasses="21" visitedMethods="119" numMethods="138" />
  <Modules>
    <Module hash="CDE5F83D-C5D8-4DF2-AB94-9D9E3BD99BAE">
      <ModulePath>EngineCore.dll</ModulePath>
      <ModuleTime>2026-02-21T05:33:08</ModuleTime>
      <ModuleName>EngineCore</ModuleName>
      <Files>
        <File uid="1" fullPath="C:\Users\david\RiderProjects\BackgammonAI\com.stonesandice.backgammonai\Runtime\Scripts\EngineCore\BoardVisualizer.cs" />
        <File uid="2" fullPath="C:\Users\david\RiderProjects\BackgammonAI\com.stonesandice.backgammonai\Runtime\Scripts\EngineCore\BearoffEvaluator.cs" />
        <File uid="3" fullPath="C:\Users\david\RiderProjects\BackgammonAI\com.stonesandice.backgammonai\Runtime\Scripts\EngineCore\BoardClassifier.cs" />
        <File uid="4" fullPath="C:\Users\david\RiderProjects\BackgammonAI\com.stonesandice.backgammonai\Runtime\Scripts\EngineCore\CubeEvaluator.cs" />
        <File uid="5" fullPath="C:\Users\david\RiderProjects\BackgammonAI\com.stonesandice.backgammonai\Runtime\Scripts\EngineCore\EngineCoreResolver.cs" />
        <File uid="6" fullPath="C:\Users\david\RiderProjects\BackgammonAI\com.stonesandice.backgammonai\Runtime\Scripts\EngineCore\EvaluationCache.cs" />
        <File uid="7" fullPath="C:\Users\david\RiderProjects\BackgammonAI\com.stonesandice.backgammonai\Runtime\Scripts\EngineCore\FeatureEncoder.cs" />
        <File uid="8" fullPath="C:\Users\david\RiderProjects\BackgammonAI\com.stonesandice.backgammonai\Runtime\Scripts\EngineCore\GameState.cs" />
        <File uid="9" fullPath="C:\Users\david\RiderProjects\BackgammonAI\com.stonesandice.backgammonai\Runtime\Scripts\EngineCore\GameStateExtensions.cs" />
        <File uid="10" fullPath="C:\Users\david\RiderProjects\BackgammonAI\com.stonesandice.backgammonai\Runtime\Scripts\EngineCore\MatchEquityTable.cs" />
        <File uid="11" fullPath="C:\Users\david\RiderProjects\BackgammonAI\com.stonesandice.backgammonai\Runtime\Scripts\EngineCore\MatchId.cs" />
        <File uid="12" fullPath="C:\Users\david\RiderProjects\BackgammonAI\com.stonesandice.backgammonai\Runtime\Scripts\EngineCore\MatchState.cs" />
        <File uid="13" fullPath="C:\Users\david\RiderProjects\BackgammonAI\com.stonesandice.backgammonai\Runtime\Scripts\EngineCore\Move.cs" />
        <File uid="14" fullPath="C:\Users\david\RiderProjects\BackgammonAI\com.stonesandice.backgammonai\Runtime\Scripts\EngineCore\MoveGenerator.cs" />
        <File uid="15" fullPath="C:\Users\david\RiderProjects\BackgammonAI\com.stonesandice.backgammonai\Runtime\Scripts\EngineCore\NeuralNet.cs" />
        <File uid="16" fullPath="C:\Users\david\RiderProjects\BackgammonAI\com.stonesandice.backgammonai\Runtime\Scripts\EngineCore\PositionId.cs" />
        <File uid="17" fullPath="C:\Users\david\RiderProjects\BackgammonAI\com.stonesandice.backgammonai\Runtime\Scripts\EngineCore\SearchEngine.cs" />
        <File uid="18" fullPath="C:\Users\david\RiderProjects\BackgammonAI\com.stonesandice.backgammonai\Runtime\Scripts\EngineCore\WeightParser.cs" />
      </Files>
      <Classes>
        <Class>
          <Summary numSequencePoints="55" visitedSequencePoints="0" numBranchPoints="30" visitedBranchPoints="0" sequenceCoverage="0" branchCoverage="0" maxCyclomaticComplexity="14" minCyclomaticComplexity="4" visitedClasses="0" numClasses="1" visitedMethods="0" numMethods="3" />
          <FullName>EngineCLI.BoardVisualizer</FullName>
          <Methods>
            <Method cyclomaticComplexity="12" nPathComplexity="12" sequenceCoverage="0" branchCoverage="0" isConstructor="False" isGetter="False" isSetter="False" isStatic="True">
              <Summary numSequencePoints="37" visitedSequencePoints="0" numBranchPoints="12" visitedBranchPoints="0" sequenceCoverage="0" branchCoverage="0" maxCyclomaticComplexity="12" minCyclomaticComplexity="12" visitedClasses="0" numClasses="0" visitedMethods="0" numMethods="1" />
              <MetadataToken />
              <Name>System.Void EngineCLI.BoardVisualizer::PrintBoard(EngineCore.GameState,EngineCore.MatchState)</Name>
              <FileRef uid="1" />
              <SequencePoints>
                <SequencePoint vc="0" uspid="10" ordinal="0" sl="10" sc="1" el="10" ec="2" bec="0" bev="0" fileid="1" />
                <SequencePoint vc="0" uspid="13" ordinal="1" sl="13" sc="1" el="13" ec="2" bec="2" bev="0" fileid="1" />
                <SequencePoint vc="0" uspid="14" ordinal="2" sl="14" sc="1" el="14" ec="2" bec="2" bev="0" fileid="1" />
                <SequencePoint vc="0" uspid="16" ordinal="3" sl="16" sc="1" el="16" ec="2" bec="0" bev="0" fileid="1" />
                <SequencePoint vc="0" uspid="17" ordinal="4" sl="17" sc="1" el="17" ec="2" bec="2" bev="0" fileid="1" />
                <SequencePoint vc="0" uspid="18" ordinal="5" sl="18" sc="1" el="18" ec="2" bec="0" bev="0" fileid="1" />
                <SequencePoint vc="0" uspid="19" ordinal="6" sl="19" sc="1" el="19" ec="2" bec="2" bev="0" fileid="1" />
                <SequencePoint vc="0" uspid="20" ordinal="7" sl="20" sc="1" el="20" ec="2" bec="0" bev="0" fileid="1" />
                <SequencePoint vc="0" uspid="21" ordinal="8" sl="21" sc="1" el="21" ec="2" bec="0" bev="0" fileid="1" />
                <SequencePoint vc="0" uspid="22" ordinal="9" sl="22" sc="1" el="22" ec="2" bec="0" bev="0" fileid="1" />
                <SequencePoint vc="0" uspid="23" ordinal="10" sl="23" sc="1" el="23" ec="2" bec="0" bev="0" fileid="1" />
                <SequencePoint vc="0" uspid="26" ordinal="11" sl="26" sc="1" el="26" ec="2" bec="0" bev="0" fileid="1" />
                <SequencePoint vc="0" uspid="27" ordinal="12" sl="27" sc="1" el="27" ec="2" bec="0" bev="0" fileid="1" />
                <SequencePoint vc="0" uspid="29" ordinal="13" sl="29" sc="1" el="29" ec="2" bec="0" bev="0" fileid="1" />
                <SequencePoint vc="0" uspid="32" ordinal="14" sl="32" sc="1" el="32" ec="2" bec="0" bev="0" fileid="1" />
                <SequencePoint vc="0" uspid="35" ordinal="15" sl="35" sc="1" el="35" ec="2" bec="2" bev="0" fileid="1" />
                <SequencePoint vc="0" uspid="36" ordinal="16" sl="36" sc="1" el="36" ec="2" bec="0" bev="0" fileid="1" />
                <SequencePoint vc="0" uspid="37" ordinal="17" sl="37" sc="1" el="37" ec="2" bec="0" bev="0" fileid="1" />
                <SequencePoint vc="0" uspid="38" ordinal="18" sl="38" sc="1" el="38" ec="2" bec="0" bev="0" fileid="1" />
                <SequencePoint vc="0" uspid="39" ordinal="19" sl="39" sc="1" el="39" ec="2" bec="0" bev="0" fileid="1" />
                <SequencePoint vc="0" uspid="40" ordinal="20" sl="40" sc="1" el="40" ec="2" bec="0" bev="0" fileid="1" />
                <SequencePoint vc="0" uspid="43" ordinal="21" sl="43" sc="1" el="43" ec="2" bec="0" bev="0" fileid="1" />
                <SequencePoint vc="0" uspid="46" ordinal="22" sl="46" sc="1" el="46" ec="2" bec="2" bev="0" fileid="1" />
                <SequencePoint vc="0" uspid="47" ordinal="23" sl="47" sc="1" el="47" ec="2" bec="0" bev="0" fileid="1" />
                <SequencePoint vc="0" uspid="48" ordinal="24" sl="48" sc="1" el="48" ec="2" bec="0" bev="0" fileid="1" />
                <SequencePoint vc="0" uspid="49" ordinal="25" sl="49" sc="1" el="49" ec="2" bec="0" bev="0" fileid="1" />
                <SequencePoint vc="0" uspid="50" ordinal="26" sl="50" sc="1" el="50" ec="2" bec="0" bev="0" fileid="1" />
                <SequencePoint vc="0" uspid="51" ordinal="27" sl="51" sc="1" el="51" ec="2" bec="0" bev="0" fileid="1" />
                <SequencePoint vc="0" uspid="54" ordinal="28" sl="54" sc="1" el="54" ec="2" bec="0" bev="0" fileid="1" />
                <SequencePoint vc="0" uspid="56" ordinal="29" sl="56" sc="1" el="56" ec="2" bec="0" bev="0" fileid="1" />
                <SequencePoint vc="0" uspid="57" ordinal="30" sl="57" sc="1" el="57" ec="2" bec="0" bev="0" fileid="1" />
                <SequencePoint vc="0" uspid="58" ordinal="31" sl="58" sc="1" el="58" ec="2" bec="0" bev="0" fileid="1" />
                <SequencePoint vc="0" uspid="59" ordinal="32" sl="59" sc="1" el="59" ec="2" bec="0" bev="0" fileid="1" />
                <SequencePoint vc="0" uspid="61" ordinal="33" sl="61" sc="1" el="61" ec="2" bec="0" bev="0" fileid="1" />
                <SequencePoint vc="0" uspid="62" ordinal="34" sl="62" sc="1" el="62" ec="2" bec="0" bev="0" fileid="1" />
                <SequencePoint vc="0" uspid="63" ordinal="35" sl="63" sc="1" el="63" ec="2" bec="0" bev="0" fileid="1" />
                <SequencePoint vc="0" uspid="64" ordinal="36" sl="64" sc="1" el="64" ec="2" bec="0" bev="0" fileid="1" />
              </SequencePoints>
              <BranchPoints>
                <BranchPoint vc="0" uspid="13" ordinal="0" path="0" offset="7" offsetend="9" sl="13" fileid="1" />
                <BranchPoint vc="0" uspid="13" ordinal="1" path="1" offset="7" offsetend="17" sl="13" fileid="1" />
                <BranchPoint vc="0" uspid="14" ordinal="2" path="0" offset="30" offsetend="32" sl="14" fileid="1" />
                <BranchPoint vc="0" uspid="14" ordinal="3" path="1" offset="30" offsetend="40" sl="14" fileid="1" />
                <BranchPoint vc="0" uspid="17" ordinal="4" path="0" offset="66" offsetend="71" sl="17" fileid="1" />
                <BranchPoint vc="0" uspid="19" ordinal="6" path="0" offset="78" offsetend="80" sl="19" fileid="1" />
                <BranchPoint vc="0" uspid="19" ordinal="7" path="1" offset="78" offsetend="126" sl="19" fileid="1" />
                <BranchPoint vc="0" uspid="17" ordinal="5" path="1" offset="66" offsetend="408" sl="17" fileid="1" />
                <BranchPoint vc="0" uspid="35" ordinal="9" path="1" offset="1002" offsetend="481" sl="35" fileid="1" />
                <BranchPoint vc="0" uspid="35" ordinal="8" path="0" offset="1002" offsetend="1007" sl="35" fileid="1" />
                <BranchPoint vc="0" uspid="46" ordinal="11" path="1" offset="1541" offsetend="1026" sl="46" fileid="1" />
                <BranchPoint vc="0" uspid="46" ordinal="10" path="0" offset="1541" offsetend="1546" sl="46" fileid="1" />
              </BranchPoints>
              <MethodPoint vc="0" uspid="0" p8:type="SequencePoint" ordinal="0" offset="0" sc="0" sl="10" ec="1" el="64" bec="0" bev="0" fileid="1" xmlns:p8="xsi" />
            </Method>
            <Method cyclomaticComplexity="14" nPathComplexity="14" sequenceCoverage="0" branchCoverage="0" isConstructor="False" isGetter="False" isSetter="False" isStatic="True">
              <Summary numSequencePoints="11" visitedSequencePoints="0" numBranchPoints="14" visitedBranchPoints="0" sequenceCoverage="0" branchCoverage="0" maxCyclomaticComplexity="14" minCyclomaticComplexity="14" visitedClasses="0" numClasses="0" visitedMethods="0" numMethods="1" />
              <MetadataToken />
              <Name>System.String EngineCLI.BoardVisualizer::C(System.Int32[],System.Int32[],System.Int32,System.Int32)</Name>
              <FileRef uid="1" />
              <SequencePoints>
                <SequencePoint vc="0" uspid="67" ordinal="0" sl="67" sc="1" el="67" ec="2" bec="0" bev="0" fileid="1" />
                <SequencePoint vc="0" uspid="68" ordinal="1" sl="68" sc="1" el="68" ec="2" bec="0" bev="0" fileid="1" />
                <SequencePoint vc="0" uspid="71" ordinal="2" sl="71" sc="1" el="71" ec="2" bec="0" bev="0" fileid="1" />
                <SequencePoint vc="0" uspid="73" ordinal="3" sl="73" sc="1" el="73" ec="2" bec="2" bev="0" fileid="1" />
                <SequencePoint vc="0" uspid="74" ordinal="4" sl="74" sc="1" el="74" ec="2" bec="4" bev="0" fileid="1" />
                <SequencePoint vc="0" uspid="76" ordinal="5" sl="76" sc="1" el="76" ec="2" bec="2" bev="0" fileid="1" />
                <SequencePoint vc="0" uspid="78" ordinal="6" sl="78" sc="1" el="78" ec="2" bec="4" bev="0" fileid="1" />
                <SequencePoint vc="0" uspid="79" ordinal="7" sl="79" sc="1" el="79" ec="2" bec="0" bev="0" fileid="1" />
                <SequencePoint vc="0" uspid="80" ordinal="8" sl="80" sc="1" el="80" ec="2" bec="2" bev="0" fileid="1" />
                <SequencePoint vc="0" uspid="83" ordinal="9" sl="83" sc="1" el="83" ec="2" bec="0" bev="0" fileid="1" />
                <SequencePoint vc="0" uspid="84" ordinal="10" sl="84" sc="1" el="84" ec="2" bec="0" bev="0" fileid="1" />
              </SequencePoints>
              <BranchPoints>
                <BranchPoint vc="0" uspid="73" ordinal="0" path="0" offset="14" offsetend="16" sl="73" fileid="1" />
                <BranchPoint vc="0" uspid="73" ordinal="1" path="1" offset="14" offsetend="19" sl="73" fileid="1" />
                <BranchPoint vc="0" uspid="74" ordinal="2" path="0" offset="23" offsetend="25" sl="74" fileid="1" />
                <BranchPoint vc="0" uspid="74" ordinal="4" path="0" offset="27" offsetend="29" sl="74" fileid="1" />
                <BranchPoint vc="0" uspid="74" ordinal="5" path="1" offset="27" offsetend="33" sl="74" fileid="1" />
                <BranchPoint vc="0" uspid="74" ordinal="3" path="1" offset="23" offsetend="37" sl="74" fileid="1" />
                <BranchPoint vc="0" uspid="76" ordinal="6" path="0" offset="51" offsetend="53" sl="76" fileid="1" />
                <BranchPoint vc="0" uspid="76" ordinal="7" path="1" offset="51" offsetend="62" sl="76" fileid="1" />
                <BranchPoint vc="0" uspid="78" ordinal="8" path="0" offset="64" offsetend="66" sl="78" fileid="1" />
                <BranchPoint vc="0" uspid="78" ordinal="9" path="1" offset="64" offsetend="72" sl="78" fileid="1" />
                <BranchPoint vc="0" uspid="78" ordinal="10" path="0" offset="77" offsetend="79" sl="78" fileid="1" />
                <BranchPoint vc="0" uspid="80" ordinal="12" path="0" offset="83" offsetend="85" sl="80" fileid="1" />
                <BranchPoint vc="0" uspid="80" ordinal="13" path="1" offset="83" offsetend="94" sl="80" fileid="1" />
                <BranchPoint vc="0" uspid="78" ordinal="11" path="1" offset="77" offsetend="103" sl="78" fileid="1" />
              </BranchPoints>
              <MethodPoint vc="0" uspid="0" p8:type="SequencePoint" ordinal="1" offset="1" sc="0" sl="67" ec="1" el="84" bec="0" bev="0" fileid="1" xmlns:p8="xsi" />
            </Method>
            <Method cyclomaticComplexity="4" nPathComplexity="4" sequenceCoverage="0" branchCoverage="0" isConstructor="False" isGetter="False" isSetter="False" isStatic="True">
              <Summary numSequencePoints="7" visitedSequencePoints="0" numBranchPoints="4" visitedBranchPoints="0" sequenceCoverage="0" branchCoverage="0" maxCyclomaticComplexity="4" minCyclomaticComplexity="4" visitedClasses="0" numClasses="0" visitedMethods="0" numMethods="1" />
              <MetadataToken />
              <Name>System.String EngineCLI.BoardVisualizer::GetCubeOwnerStr(System.Int32)</Name>
              <FileRef uid="1" />
              <SequencePoints>
                <SequencePoint vc="0" uspid="86" ordinal="0" sl="86" sc="1" el="86" ec="2" bec="4" bev="0" fileid="1" />
                <SequencePoint vc="0" uspid="87" ordinal="1" sl="87" sc="1" el="87" ec="2" bec="0" bev="0" fileid="1" />
                <SequencePoint vc="0" uspid="88" ordinal="2" sl="88" sc="1" el="88" ec="2" bec="0" bev="0" fileid="1" />
                <SequencePoint vc="0" uspid="89" ordinal="3" sl="89" sc="1" el="89" ec="2" bec="0" bev="0" fileid="1" />
                <SequencePoint vc="0" uspid="90" ordinal="4" sl="90" sc="1" el="90" ec="2" bec="0" bev="0" fileid="1" />
                <SequencePoint vc="0" uspid="91" ordinal="5" sl="91" sc="1" el="91" ec="2" bec="0" bev="0" fileid="1" />
                <SequencePoint vc="0" uspid="92" ordinal="6" sl="92" sc="1" el="92" ec="2" bec="0" bev="0" fileid="1" />
              </SequencePoints>
              <BranchPoints>
                <BranchPoint vc="0" uspid="86" ordinal="1" path="1" offset="7" offsetend="26" sl="86" fileid="1" />
                <BranchPoint vc="0" uspid="86" ordinal="2" path="2" offset="7" offsetend="34" sl="86" fileid="1" />
                <BranchPoint vc="0" uspid="86" ordinal="3" path="3" offset="7" offsetend="42" sl="86" fileid="1" />
                <BranchPoint vc="0" uspid="86" ordinal="0" path="0" offset="7" offsetend="50" sl="86" fileid="1" />
              </BranchPoints>
              <MethodPoint vc="0" uspid="0" p8:type="SequencePoint" ordinal="2" offset="2" sc="0" sl="86" ec="1" el="92" bec="0" bev="0" fileid="1" xmlns:p8="xsi" />
            </Method>
          </Methods>
        </Class>
        <Class>
          <Summary numSequencePoints="163" visitedSequencePoints="127" numBranchPoints="72" visitedBranchPoints="50" sequenceCoverage="77.91" branchCoverage="69.44" maxCyclomaticComplexity="26" minCyclomaticComplexity="1" visitedClasses="1" numClasses="1" visitedMethods="6" numMethods="6" />
          <FullName>EngineCore.BearoffEvaluator</FullName>
          <Methods>
            <Method cyclomaticComplexity="1" nPathComplexity="1" sequenceCoverage="100" branchCoverage="100" isConstructor="False" isGetter="True" isSetter="False" isStatic="True">
              <Summary numSequencePoints="1" visitedSequencePoints="1" numBranchPoints="0" visitedBranchPoints="0" sequenceCoverage="100" branchCoverage="100" maxCyclomaticComplexity="1" minCyclomaticComplexity="1" visitedClasses="0" numClasses="0" visitedMethods="1" numMethods="1" />
              <MetadataToken />
              <Name>System.Boolean EngineCore.BearoffEvaluator::get_IsTwoSidedLoaded()</Name>
              <FileRef uid="2" />
              <SequencePoints>
                <SequencePoint vc="2" uspid="27" ordinal="0" sl="27" sc="1" el="27" ec="2" bec="0" bev="0" fileid="2" />
              </SequencePoints>
              <BranchPoints />
              <MethodPoint vc="1" uspid="0" p8:type="SequencePoint" ordinal="0" offset="0" sc="0" sl="27" ec="1" el="27" bec="0" bev="0" fileid="2" xmlns:p8="xsi" />
            </Method>
            <Method cyclomaticComplexity="1" nPathComplexity="1" sequenceCoverage="100" branchCoverage="100" isConstructor="False" isGetter="True" isSetter="False" isStatic="True">
              <Summary numSequencePoints="1" visitedSequencePoints="1" numBranchPoints="0" visitedBranchPoints="0" sequenceCoverage="100" branchCoverage="100" maxCyclomaticComplexity="1" minCyclomaticComplexity="1" visitedClasses="0" numClasses="0" visitedMethods="1" numMethods="1" />
              <MetadataToken />
              <Name>System.Boolean EngineCore.BearoffEvaluator::get_IsOneSidedLoaded()</Name>
              <FileRef uid="2" />
              <SequencePoints>
                <SequencePoint vc="3" uspid="30" ordinal="0" sl="30" sc="1" el="30" ec="2" bec="0" bev="0" fileid="2" />
              </SequencePoints>
              <BranchPoints />
              <MethodPoint vc="1" uspid="0" p8:type="SequencePoint" ordinal="1" offset="1" sc="0" sl="30" ec="1" el="30" bec="0" bev="0" fileid="2" xmlns:p8="xsi" />
            </Method>
            <Method cyclomaticComplexity="24" nPathComplexity="24" sequenceCoverage="92.85" branchCoverage="75" isConstructor="False" isGetter="False" isSetter="False" isStatic="True">
              <Summary numSequencePoints="42" visitedSequencePoints="39" numBranchPoints="24" visitedBranchPoints="18" sequenceCoverage="92.85" branchCoverage="75" maxCyclomaticComplexity="24" minCyclomaticComplexity="24" visitedClasses="0" numClasses="0" visitedMethods="1" numMethods="1" />
              <MetadataToken />
              <Name>System.Single[] EngineCore.BearoffEvaluator::Evaluate(System.UInt32,System.UInt32,EngineCore.PositionClass)</Name>
              <FileRef uid="2" />
              <SequencePoints>
                <SequencePoint vc="4" uspid="124" ordinal="0" sl="124" sc="1" el="124" ec="2" bec="0" bev="0" fileid="2" />
                <SequencePoint vc="4" uspid="126" ordinal="1" sl="126" sc="1" el="126" ec="2" bec="6" bev="6" fileid="2" />
                <SequencePoint vc="2" uspid="127" ordinal="2" sl="127" sc="1" el="127" ec="2" bec="0" bev="0" fileid="2" />
                <SequencePoint vc="2" uspid="129" ordinal="3" sl="129" sc="1" el="129" ec="2" bec="4" bev="2" fileid="2" />
                <SequencePoint vc="2" uspid="130" ordinal="4" sl="130" sc="1" el="130" ec="2" bec="0" bev="0" fileid="2" />
                <SequencePoint vc="2" uspid="133" ordinal="5" sl="133" sc="1" el="133" ec="2" bec="0" bev="0" fileid="2" />
                <SequencePoint vc="2" uspid="135" ordinal="6" sl="135" sc="1" el="135" ec="2" bec="0" bev="0" fileid="2" />
                <SequencePoint vc="2" uspid="138" ordinal="7" sl="138" sc="1" el="138" ec="2" bec="0" bev="0" fileid="2" />
                <SequencePoint vc="2" uspid="141" ordinal="8" sl="141" sc="1" el="141" ec="2" bec="0" bev="0" fileid="2" />
                <SequencePoint vc="2" uspid="146" ordinal="9" sl="146" sc="1" el="146" ec="2" bec="0" bev="0" fileid="2" />
                <SequencePoint vc="2" uspid="149" ordinal="10" sl="149" sc="1" el="149" ec="2" bec="0" bev="0" fileid="2" />
                <SequencePoint vc="2" uspid="151" ordinal="11" sl="151" sc="1" el="151" ec="2" bec="0" bev="0" fileid="2" />
                <SequencePoint vc="2" uspid="152" ordinal="12" sl="152" sc="1" el="152" ec="2" bec="0" bev="0" fileid="2" />
                <SequencePoint vc="2" uspid="153" ordinal="13" sl="153" sc="1" el="153" ec="2" bec="0" bev="0" fileid="2" />
                <SequencePoint vc="2" uspid="154" ordinal="14" sl="154" sc="1" el="154" ec="2" bec="0" bev="0" fileid="2" />
                <SequencePoint vc="2" uspid="155" ordinal="15" sl="155" sc="1" el="155" ec="2" bec="0" bev="0" fileid="2" />
                <SequencePoint vc="2" uspid="156" ordinal="16" sl="156" sc="1" el="156" ec="2" bec="0" bev="0" fileid="2" />
                <SequencePoint vc="2" uspid="157" ordinal="17" sl="157" sc="1" el="157" ec="2" bec="0" bev="0" fileid="2" />
                <SequencePoint vc="2" uspid="158" ordinal="18" sl="158" sc="1" el="158" ec="2" bec="0" bev="0" fileid="2" />
                <SequencePoint vc="0" uspid="160" ordinal="19" sl="160" sc="1" el="160" ec="2" bec="0" bev="0" fileid="2" />
                <SequencePoint vc="2" uspid="163" ordinal="20" sl="163" sc="1" el="163" ec="2" bec="6" bev="6" fileid="2" />
                <SequencePoint vc="1" uspid="164" ordinal="21" sl="164" sc="1" el="164" ec="2" bec="0" bev="0" fileid="2" />
                <SequencePoint vc="1" uspid="165" ordinal="22" sl="165" sc="1" el="165" ec="2" bec="4" bev="2" fileid="2" />
                <SequencePoint vc="1" uspid="166" ordinal="23" sl="166" sc="1" el="166" ec="2" bec="0" bev="0" fileid="2" />
                <SequencePoint vc="1" uspid="167" ordinal="24" sl="167" sc="1" el="167" ec="2" bec="0" bev="0" fileid="2" />
                <SequencePoint vc="1" uspid="168" ordinal="25" sl="168" sc="1" el="168" ec="2" bec="0" bev="0" fileid="2" />
                <SequencePoint vc="1" uspid="169" ordinal="26" sl="169" sc="1" el="169" ec="2" bec="4" bev="2" fileid="2" />
                <SequencePoint vc="1" uspid="170" ordinal="27" sl="170" sc="1" el="170" ec="2" bec="0" bev="0" fileid="2" />
                <SequencePoint vc="1" uspid="171" ordinal="28" sl="171" sc="1" el="171" ec="2" bec="0" bev="0" fileid="2" />
                <SequencePoint vc="1" uspid="172" ordinal="29" sl="172" sc="1" el="172" ec="2" bec="0" bev="0" fileid="2" />
                <SequencePoint vc="1" uspid="173" ordinal="30" sl="173" sc="1" el="173" ec="2" bec="0" bev="0" fileid="2" />
                <SequencePoint vc="1" uspid="174" ordinal="31" sl="174" sc="1" el="174" ec="2" bec="0" bev="0" fileid="2" />
                <SequencePoint vc="1" uspid="175" ordinal="32" sl="175" sc="1" el="175" ec="2" bec="0" bev="0" fileid="2" />
                <SequencePoint vc="1" uspid="176" ordinal="33" sl="176" sc="1" el="176" ec="2" bec="0" bev="0" fileid="2" />
                <SequencePoint vc="1" uspid="177" ordinal="34" sl="177" sc="1" el="177" ec="2" bec="0" bev="0" fileid="2" />
                <SequencePoint vc="1" uspid="178" ordinal="35" sl="178" sc="1" el="178" ec="2" bec="0" bev="0" fileid="2" />
                <SequencePoint vc="1" uspid="179" ordinal="36" sl="179" sc="1" el="179" ec="2" bec="0" bev="0" fileid="2" />
                <SequencePoint vc="1" uspid="180" ordinal="37" sl="180" sc="1" el="180" ec="2" bec="0" bev="0" fileid="2" />
                <SequencePoint vc="0" uspid="182" ordinal="38" sl="182" sc="1" el="182" ec="2" bec="0" bev="0" fileid="2" />
                <SequencePoint vc="0" uspid="183" ordinal="39" sl="183" sc="1" el="183" ec="2" bec="0" bev="0" fileid="2" />
                <SequencePoint vc="1" uspid="186" ordinal="40" sl="186" sc="1" el="186" ec="2" bec="0" bev="0" fileid="2" />
                <SequencePoint vc="4" uspid="187" ordinal="41" sl="187" sc="1" el="187" ec="2" bec="0" bev="0" fileid="2" />
              </SequencePoints>
              <BranchPoints>
                <BranchPoint vc="2" uspid="126" ordinal="0" path="0" offset="3" offsetend="5" sl="126" fileid="2" />
                <BranchPoint vc="2" uspid="126" ordinal="2" path="0" offset="11" offsetend="13" sl="126" fileid="2" />
                <BranchPoint vc="2" uspid="126" ordinal="1" path="1" offset="3" offsetend="24" sl="126" fileid="2" />
                <BranchPoint vc="2" uspid="126" ordinal="3" path="1" offset="11" offsetend="24" sl="126" fileid="2" />
                <BranchPoint vc="2" uspid="126" ordinal="4" path="0" offset="27" offsetend="29" sl="126" fileid="2" />
                <BranchPoint vc="2" uspid="129" ordinal="6" path="0" offset="36" offsetend="38" sl="129" fileid="2" />
                <BranchPoint vc="0" uspid="129" ordinal="7" path="1" offset="36" offsetend="51" sl="129" fileid="2" />
                <BranchPoint vc="2" uspid="129" ordinal="8" path="0" offset="54" offsetend="56" sl="129" fileid="2" />
                <BranchPoint vc="0" uspid="129" ordinal="9" path="1" offset="54" offsetend="152" sl="129" fileid="2" />
                <BranchPoint vc="2" uspid="126" ordinal="5" path="1" offset="27" offsetend="153" sl="126" fileid="2" />
                <BranchPoint vc="2" uspid="163" ordinal="10" path="0" offset="155" offsetend="157" sl="163" fileid="2" />
                <BranchPoint vc="1" uspid="163" ordinal="12" path="0" offset="163" offsetend="165" sl="163" fileid="2" />
                <BranchPoint vc="1" uspid="163" ordinal="11" path="1" offset="155" offsetend="176" sl="163" fileid="2" />
                <BranchPoint vc="1" uspid="163" ordinal="13" path="1" offset="163" offsetend="176" sl="163" fileid="2" />
                <BranchPoint vc="1" uspid="163" ordinal="14" path="0" offset="181" offsetend="183" sl="163" fileid="2" />
                <BranchPoint vc="1" uspid="165" ordinal="16" path="0" offset="190" offsetend="192" sl="165" fileid="2" />
                <BranchPoint vc="0" uspid="165" ordinal="17" path="1" offset="190" offsetend="205" sl="165" fileid="2" />
                <BranchPoint vc="1" uspid="165" ordinal="18" path="0" offset="210" offsetend="212" sl="165" fileid="2" />
                <BranchPoint vc="1" uspid="169" ordinal="20" path="0" offset="233" offsetend="235" sl="169" fileid="2" />
                <BranchPoint vc="0" uspid="169" ordinal="21" path="1" offset="233" offsetend="242" sl="169" fileid="2" />
                <BranchPoint vc="1" uspid="169" ordinal="22" path="0" offset="247" offsetend="249" sl="169" fileid="2" />
                <BranchPoint vc="0" uspid="169" ordinal="23" path="1" offset="247" offsetend="296" sl="169" fileid="2" />
                <BranchPoint vc="0" uspid="165" ordinal="19" path="1" offset="210" offsetend="297" sl="165" fileid="2" />
                <BranchPoint vc="1" uspid="163" ordinal="15" path="1" offset="181" offsetend="298" sl="163" fileid="2" />
              </BranchPoints>
              <MethodPoint vc="39" uspid="0" p8:type="SequencePoint" ordinal="2" offset="2" sc="0" sl="124" ec="1" el="187" bec="0" bev="0" fileid="2" xmlns:p8="xsi" />
            </Method>
            <Method cyclomaticComplexity="16" nPathComplexity="16" sequenceCoverage="84" branchCoverage="62.5" isConstructor="False" isGetter="False" isSetter="False" isStatic="True">
              <Summary numSequencePoints="25" visitedSequencePoints="21" numBranchPoints="16" visitedBranchPoints="10" sequenceCoverage="84" branchCoverage="62.5" maxCyclomaticComplexity="16" minCyclomaticComplexity="16" visitedClasses="0" numClasses="0" visitedMethods="1" numMethods="1" />
              <MetadataToken />
              <Name>System.Single[] EngineCore.BearoffEvaluator::GetOneSidedDistribution(System.UInt32)</Name>
              <FileRef uid="2" />
              <SequencePoints>
                <SequencePoint vc="2" uspid="194" ordinal="0" sl="194" sc="1" el="194" ec="2" bec="0" bev="0" fileid="2" />
                <SequencePoint vc="2" uspid="195" ordinal="1" sl="195" sc="1" el="195" ec="2" bec="4" bev="2" fileid="2" />
                <SequencePoint vc="2" uspid="196" ordinal="2" sl="196" sc="1" el="196" ec="2" bec="0" bev="0" fileid="2" />
                <SequencePoint vc="2" uspid="197" ordinal="3" sl="197" sc="1" el="197" ec="2" bec="0" bev="0" fileid="2" />
                <SequencePoint vc="2" uspid="198" ordinal="4" sl="198" sc="1" el="198" ec="2" bec="2" bev="1" fileid="2" />
                <SequencePoint vc="2" uspid="201" ordinal="5" sl="201" sc="1" el="201" ec="2" bec="0" bev="0" fileid="2" />
                <SequencePoint vc="2" uspid="202" ordinal="6" sl="202" sc="1" el="202" ec="2" bec="0" bev="0" fileid="2" />
                <SequencePoint vc="2" uspid="204" ordinal="7" sl="204" sc="1" el="204" ec="2" bec="4" bev="2" fileid="2" />
                <SequencePoint vc="0" uspid="205" ordinal="8" sl="205" sc="1" el="205" ec="2" bec="0" bev="0" fileid="2" />
                <SequencePoint vc="0" uspid="206" ordinal="9" sl="206" sc="1" el="206" ec="2" bec="0" bev="0" fileid="2" />
                <SequencePoint vc="0" uspid="207" ordinal="10" sl="207" sc="1" el="207" ec="2" bec="0" bev="0" fileid="2" />
                <SequencePoint vc="0" uspid="208" ordinal="11" sl="208" sc="1" el="208" ec="2" bec="0" bev="0" fileid="2" />
                <SequencePoint vc="2" uspid="210" ordinal="12" sl="210" sc="1" el="210" ec="2" bec="0" bev="0" fileid="2" />
                <SequencePoint vc="2" uspid="211" ordinal="13" sl="211" sc="1" el="211" ec="2" bec="0" bev="0" fileid="2" />
                <SequencePoint vc="192" uspid="212" ordinal="14" sl="212" sc="1" el="212" ec="2" bec="2" bev="2" fileid="2" />
                <SequencePoint vc="94" uspid="213" ordinal="15" sl="213" sc="1" el="213" ec="2" bec="0" bev="0" fileid="2" />
                <SequencePoint vc="94" uspid="214" ordinal="16" sl="214" sc="1" el="214" ec="2" bec="0" bev="0" fileid="2" />
                <SequencePoint vc="94" uspid="215" ordinal="17" sl="215" sc="1" el="215" ec="2" bec="0" bev="0" fileid="2" />
                <SequencePoint vc="94" uspid="216" ordinal="18" sl="216" sc="1" el="216" ec="2" bec="0" bev="0" fileid="2" />
                <SequencePoint vc="94" uspid="217" ordinal="19" sl="217" sc="1" el="217" ec="2" bec="0" bev="0" fileid="2" />
                <SequencePoint vc="2" uspid="218" ordinal="20" sl="218" sc="1" el="218" ec="2" bec="2" bev="1" fileid="2" />
                <SequencePoint vc="192" uspid="219" ordinal="21" sl="219" sc="1" el="219" ec="2" bec="2" bev="2" fileid="2" />
                <SequencePoint vc="94" uspid="220" ordinal="22" sl="220" sc="1" el="220" ec="2" bec="0" bev="0" fileid="2" />
                <SequencePoint vc="2" uspid="221" ordinal="23" sl="221" sc="1" el="221" ec="2" bec="0" bev="0" fileid="2" />
                <SequencePoint vc="2" uspid="222" ordinal="24" sl="222" sc="1" el="222" ec="2" bec="0" bev="0" fileid="2" />
              </SequencePoints>
              <BranchPoints>
                <BranchPoint vc="2" uspid="195" ordinal="0" path="0" offset="7" offsetend="9" sl="195" fileid="2" />
                <BranchPoint vc="0" uspid="195" ordinal="1" path="1" offset="7" offsetend="22" sl="195" fileid="2" />
                <BranchPoint vc="0" uspid="195" ordinal="2" path="0" offset="27" offsetend="29" sl="195" fileid="2" />
                <BranchPoint vc="2" uspid="195" ordinal="3" path="1" offset="27" offsetend="37" sl="195" fileid="2" />
                <BranchPoint vc="0" uspid="198" ordinal="4" path="0" offset="84" offsetend="86" sl="198" fileid="2" />
                <BranchPoint vc="2" uspid="198" ordinal="5" path="1" offset="84" offsetend="94" sl="198" fileid="2" />
                <BranchPoint vc="2" uspid="204" ordinal="6" path="0" offset="105" offsetend="107" sl="204" fileid="2" />
                <BranchPoint vc="0" uspid="204" ordinal="7" path="1" offset="105" offsetend="120" sl="204" fileid="2" />
                <BranchPoint vc="0" uspid="204" ordinal="8" path="0" offset="125" offsetend="127" sl="204" fileid="2" />
                <BranchPoint vc="2" uspid="204" ordinal="9" path="1" offset="125" offsetend="144" sl="204" fileid="2" />
                <BranchPoint vc="94" uspid="212" ordinal="11" path="1" offset="224" offsetend="164" sl="212" fileid="2" />
                <BranchPoint vc="2" uspid="212" ordinal="10" path="0" offset="224" offsetend="226" sl="212" fileid="2" />
                <BranchPoint vc="0" uspid="218" ordinal="12" path="0" offset="242" offsetend="244" sl="218" fileid="2" />
                <BranchPoint vc="2" uspid="218" ordinal="13" path="1" offset="242" offsetend="249" sl="218" fileid="2" />
                <BranchPoint vc="94" uspid="219" ordinal="15" path="1" offset="284" offsetend="254" sl="219" fileid="2" />
                <BranchPoint vc="2" uspid="219" ordinal="14" path="0" offset="284" offsetend="286" sl="219" fileid="2" />
              </BranchPoints>
              <MethodPoint vc="21" uspid="0" p8:type="SequencePoint" ordinal="3" offset="3" sc="0" sl="194" ec="1" el="222" bec="0" bev="0" fileid="2" xmlns:p8="xsi" />
            </Method>
            <Method cyclomaticComplexity="6" nPathComplexity="6" sequenceCoverage="100" branchCoverage="100" isConstructor="False" isGetter="False" isSetter="False" isStatic="True">
              <Summary numSequencePoints="15" visitedSequencePoints="15" numBranchPoints="6" visitedBranchPoints="6" sequenceCoverage="100" branchCoverage="100" maxCyclomaticComplexity="6" minCyclomaticComplexity="6" visitedClasses="0" numClasses="0" visitedMethods="1" numMethods="1" />
              <MetadataToken />
              <Name>System.Single EngineCore.BearoffEvaluator::CalculateOneSidedWinProb(System.Single[],System.Single[])</Name>
              <FileRef uid="2" />
              <SequencePoints>
                <SequencePoint vc="3" uspid="230" ordinal="0" sl="230" sc="1" el="230" ec="2" bec="0" bev="0" fileid="2" />
                <SequencePoint vc="3" uspid="231" ordinal="1" sl="231" sc="1" el="231" ec="2" bec="0" bev="0" fileid="2" />
                <SequencePoint vc="3" uspid="232" ordinal="2" sl="232" sc="1" el="232" ec="2" bec="0" bev="0" fileid="2" />
                <SequencePoint vc="110" uspid="235" ordinal="3" sl="235" sc="1" el="235" ec="2" bec="2" bev="2" fileid="2" />
                <SequencePoint vc="52" uspid="236" ordinal="4" sl="236" sc="1" el="236" ec="2" bec="0" bev="0" fileid="2" />
                <SequencePoint vc="67" uspid="237" ordinal="5" sl="237" sc="1" el="237" ec="2" bec="2" bev="2" fileid="2" />
                <SequencePoint vc="37" uspid="239" ordinal="6" sl="239" sc="1" el="239" ec="2" bec="0" bev="0" fileid="2" />
                <SequencePoint vc="1734" uspid="243" ordinal="7" sl="243" sc="1" el="243" ec="2" bec="2" bev="2" fileid="2" />
                <SequencePoint vc="830" uspid="244" ordinal="8" sl="244" sc="1" el="244" ec="2" bec="0" bev="0" fileid="2" />
                <SequencePoint vc="830" uspid="245" ordinal="9" sl="245" sc="1" el="245" ec="2" bec="0" bev="0" fileid="2" />
                <SequencePoint vc="830" uspid="246" ordinal="10" sl="246" sc="1" el="246" ec="2" bec="0" bev="0" fileid="2" />
                <SequencePoint vc="37" uspid="251" ordinal="11" sl="251" sc="1" el="251" ec="2" bec="0" bev="0" fileid="2" />
                <SequencePoint vc="37" uspid="252" ordinal="12" sl="252" sc="1" el="252" ec="2" bec="0" bev="0" fileid="2" />
                <SequencePoint vc="3" uspid="254" ordinal="13" sl="254" sc="1" el="254" ec="2" bec="0" bev="0" fileid="2" />
                <SequencePoint vc="3" uspid="255" ordinal="14" sl="255" sc="1" el="255" ec="2" bec="0" bev="0" fileid="2" />
              </SequencePoints>
              <BranchPoints>
                <BranchPoint vc="52" uspid="235" ordinal="5" path="1" offset="107" offsetend="23" sl="235" fileid="2" />
                <BranchPoint vc="37" uspid="237" ordinal="1" path="1" offset="41" offsetend="45" sl="237" fileid="2" />
                <BranchPoint vc="830" uspid="243" ordinal="3" path="1" offset="82" offsetend="56" sl="243" fileid="2" />
                <BranchPoint vc="37" uspid="243" ordinal="2" path="0" offset="82" offsetend="84" sl="243" fileid="2" />
                <BranchPoint vc="52" uspid="237" ordinal="0" path="0" offset="41" offsetend="93" sl="237" fileid="2" />
                <BranchPoint vc="3" uspid="235" ordinal="4" path="0" offset="107" offsetend="109" sl="235" fileid="2" />
              </BranchPoints>
              <MethodPoint vc="15" uspid="0" p8:type="SequencePoint" ordinal="4" offset="4" sc="0" sl="230" ec="1" el="255" bec="0" bev="0" fileid="2" xmlns:p8="xsi" />
            </Method>
            <Method cyclomaticComplexity="26" nPathComplexity="26" sequenceCoverage="63.29" branchCoverage="61.53" isConstructor="True" isGetter="False" isSetter="False" isStatic="True">
              <Summary numSequencePoints="79" visitedSequencePoints="50" numBranchPoints="26" visitedBranchPoints="16" sequenceCoverage="63.29" branchCoverage="61.53" maxCyclomaticComplexity="26" minCyclomaticComplexity="26" visitedClasses="0" numClasses="0" visitedMethods="1" numMethods="1" />
              <MetadataToken />
              <Name>System.Void EngineCore.BearoffEvaluator::.ctor(System.String)</Name>
              <FileRef uid="2" />
              <SequencePoints>
                <SequencePoint vc="481" uspid="23" ordinal="0" sl="23" sc="1" el="23" ec="2" bec="0" bev="0" fileid="2" />
                <SequencePoint vc="481" uspid="24" ordinal="1" sl="24" sc="1" el="24" ec="2" bec="0" bev="0" fileid="2" />
                <SequencePoint vc="481" uspid="32" ordinal="2" sl="32" sc="1" el="32" ec="2" bec="0" bev="0" fileid="2" />
                <SequencePoint vc="481" uspid="33" ordinal="3" sl="33" sc="1" el="33" ec="2" bec="0" bev="0" fileid="2" />
                <SequencePoint vc="481" uspid="34" ordinal="4" sl="34" sc="1" el="34" ec="2" bec="0" bev="0" fileid="2" />
                <SequencePoint vc="481" uspid="35" ordinal="5" sl="35" sc="1" el="35" ec="2" bec="0" bev="0" fileid="2" />
                <SequencePoint vc="481" uspid="38" ordinal="6" sl="38" sc="1" el="38" ec="2" bec="2" bev="2" fileid="2" />
                <SequencePoint vc="475" uspid="39" ordinal="7" sl="39" sc="1" el="39" ec="2" bec="0" bev="0" fileid="2" />
                <SequencePoint vc="475" uspid="40" ordinal="8" sl="40" sc="1" el="40" ec="2" bec="0" bev="0" fileid="2" />
                <SequencePoint vc="475" uspid="42" ordinal="9" sl="42" sc="1" el="42" ec="2" bec="2" bev="1" fileid="2" />
                <SequencePoint vc="475" uspid="43" ordinal="10" sl="43" sc="1" el="43" ec="2" bec="0" bev="0" fileid="2" />
                <SequencePoint vc="475" uspid="44" ordinal="11" sl="44" sc="1" el="44" ec="2" bec="0" bev="0" fileid="2" />
                <SequencePoint vc="475" uspid="45" ordinal="12" sl="45" sc="1" el="45" ec="2" bec="0" bev="0" fileid="2" />
                <SequencePoint vc="475" uspid="46" ordinal="13" sl="46" sc="1" el="46" ec="2" bec="0" bev="0" fileid="2" />
                <SequencePoint vc="0" uspid="48" ordinal="14" sl="48" sc="1" el="48" ec="2" bec="0" bev="0" fileid="2" />
                <SequencePoint vc="0" uspid="49" ordinal="15" sl="49" sc="1" el="49" ec="2" bec="0" bev="0" fileid="2" />
                <SequencePoint vc="0" uspid="50" ordinal="16" sl="50" sc="1" el="50" ec="2" bec="0" bev="0" fileid="2" />
                <SequencePoint vc="475" uspid="51" ordinal="17" sl="51" sc="1" el="51" ec="2" bec="0" bev="0" fileid="2" />
                <SequencePoint vc="6" uspid="53" ordinal="18" sl="53" sc="1" el="53" ec="2" bec="0" bev="0" fileid="2" />
                <SequencePoint vc="6" uspid="54" ordinal="19" sl="54" sc="1" el="54" ec="2" bec="0" bev="0" fileid="2" />
                <SequencePoint vc="6" uspid="55" ordinal="20" sl="55" sc="1" el="55" ec="2" bec="0" bev="0" fileid="2" />
                <SequencePoint vc="481" uspid="58" ordinal="21" sl="58" sc="1" el="58" ec="2" bec="2" bev="2" fileid="2" />
                <SequencePoint vc="475" uspid="59" ordinal="22" sl="59" sc="1" el="59" ec="2" bec="0" bev="0" fileid="2" />
                <SequencePoint vc="475" uspid="61" ordinal="23" sl="61" sc="1" el="61" ec="2" bec="0" bev="0" fileid="2" />
                <SequencePoint vc="475" uspid="62" ordinal="24" sl="62" sc="1" el="62" ec="2" bec="0" bev="0" fileid="2" />
                <SequencePoint vc="475" uspid="63" ordinal="25" sl="63" sc="1" el="63" ec="2" bec="2" bev="1" fileid="2" />
                <SequencePoint vc="475" uspid="64" ordinal="26" sl="64" sc="1" el="64" ec="2" bec="0" bev="0" fileid="2" />
                <SequencePoint vc="475" uspid="65" ordinal="27" sl="65" sc="1" el="65" ec="2" bec="0" bev="0" fileid="2" />
                <SequencePoint vc="475" uspid="66" ordinal="28" sl="66" sc="1" el="66" ec="2" bec="0" bev="0" fileid="2" />
                <SequencePoint vc="475" uspid="67" ordinal="29" sl="67" sc="1" el="67" ec="2" bec="4" bev="2" fileid="2" />
                <SequencePoint vc="0" uspid="68" ordinal="30" sl="68" sc="1" el="68" ec="2" bec="0" bev="0" fileid="2" />
                <SequencePoint vc="0" uspid="69" ordinal="31" sl="69" sc="1" el="69" ec="2" bec="0" bev="0" fileid="2" />
                <SequencePoint vc="0" uspid="70" ordinal="32" sl="70" sc="1" el="70" ec="2" bec="0" bev="0" fileid="2" />
                <SequencePoint vc="0" uspid="71" ordinal="33" sl="71" sc="1" el="71" ec="2" bec="0" bev="0" fileid="2" />
                <SequencePoint vc="0" uspid="72" ordinal="34" sl="72" sc="1" el="72" ec="2" bec="0" bev="0" fileid="2" />
                <SequencePoint vc="0" uspid="73" ordinal="35" sl="73" sc="1" el="73" ec="2" bec="0" bev="0" fileid="2" />
                <SequencePoint vc="0" uspid="74" ordinal="36" sl="74" sc="1" el="74" ec="2" bec="0" bev="0" fileid="2" />
                <SequencePoint vc="475" uspid="75" ordinal="37" sl="75" sc="1" el="75" ec="2" bec="4" bev="2" fileid="2" />
                <SequencePoint vc="0" uspid="76" ordinal="38" sl="76" sc="1" el="76" ec="2" bec="0" bev="0" fileid="2" />
                <SequencePoint vc="0" uspid="77" ordinal="39" sl="77" sc="1" el="77" ec="2" bec="0" bev="0" fileid="2" />
                <SequencePoint vc="0" uspid="78" ordinal="40" sl="78" sc="1" el="78" ec="2" bec="0" bev="0" fileid="2" />
                <SequencePoint vc="0" uspid="79" ordinal="41" sl="79" sc="1" el="79" ec="2" bec="0" bev="0" fileid="2" />
                <SequencePoint vc="0" uspid="80" ordinal="42" sl="80" sc="1" el="80" ec="2" bec="0" bev="0" fileid="2" />
                <SequencePoint vc="0" uspid="81" ordinal="43" sl="81" sc="1" el="81" ec="2" bec="0" bev="0" fileid="2" />
                <SequencePoint vc="0" uspid="82" ordinal="44" sl="82" sc="1" el="82" ec="2" bec="0" bev="0" fileid="2" />
                <SequencePoint vc="475" uspid="84" ordinal="45" sl="84" sc="1" el="84" ec="2" bec="0" bev="0" fileid="2" />
                <SequencePoint vc="44650" uspid="86" ordinal="46" sl="86" sc="1" el="86" ec="2" bec="2" bev="2" fileid="2" />
                <SequencePoint vc="22325" uspid="87" ordinal="47" sl="87" sc="1" el="87" ec="2" bec="0" bev="0" fileid="2" />
                <SequencePoint vc="22325" uspid="88" ordinal="48" sl="88" sc="1" el="88" ec="2" bec="0" bev="0" fileid="2" />
                <SequencePoint vc="22325" uspid="89" ordinal="49" sl="89" sc="1" el="89" ec="2" bec="4" bev="3" fileid="2" />
                <SequencePoint vc="475" uspid="90" ordinal="50" sl="90" sc="1" el="90" ec="2" bec="0" bev="0" fileid="2" />
                <SequencePoint vc="475" uspid="91" ordinal="51" sl="91" sc="1" el="91" ec="2" bec="0" bev="0" fileid="2" />
                <SequencePoint vc="475" uspid="92" ordinal="52" sl="92" sc="1" el="92" ec="2" bec="0" bev="0" fileid="2" />
                <SequencePoint vc="475" uspid="93" ordinal="53" sl="93" sc="1" el="93" ec="2" bec="0" bev="0" fileid="2" />
                <SequencePoint vc="475" uspid="94" ordinal="54" sl="94" sc="1" el="94" ec="2" bec="0" bev="0" fileid="2" />
                <SequencePoint vc="475" uspid="95" ordinal="55" sl="95" sc="1" el="95" ec="2" bec="0" bev="0" fileid="2" />
                <SequencePoint vc="475" uspid="96" ordinal="56" sl="96" sc="1" el="96" ec="2" bec="0" bev="0" fileid="2" />
                <SequencePoint vc="21850" uspid="98" ordinal="57" sl="98" sc="1" el="98" ec="2" bec="0" bev="0" fileid="2" />
                <SequencePoint vc="475" uspid="99" ordinal="58" sl="99" sc="1" el="99" ec="2" bec="2" bev="1" fileid="2" />
                <SequencePoint vc="0" uspid="100" ordinal="59" sl="100" sc="1" el="100" ec="2" bec="0" bev="0" fileid="2" />
                <SequencePoint vc="475" uspid="101" ordinal="60" sl="101" sc="1" el="101" ec="2" bec="0" bev="0" fileid="2" />
                <SequencePoint vc="475" uspid="102" ordinal="61" sl="102" sc="1" el="102" ec="2" bec="0" bev="0" fileid="2" />
                <SequencePoint vc="0" uspid="103" ordinal="62" sl="103" sc="1" el="103" ec="2" bec="2" bev="0" fileid="2" />
                <SequencePoint vc="0" uspid="104" ordinal="63" sl="104" sc="1" el="104" ec="2" bec="0" bev="0" fileid="2" />
                <SequencePoint vc="0" uspid="105" ordinal="64" sl="105" sc="1" el="105" ec="2" bec="0" bev="0" fileid="2" />
                <SequencePoint vc="0" uspid="106" ordinal="65" sl="106" sc="1" el="106" ec="2" bec="0" bev="0" fileid="2" />
                <SequencePoint vc="0" uspid="108" ordinal="66" sl="108" sc="1" el="108" ec="2" bec="0" bev="0" fileid="2" />
                <SequencePoint vc="0" uspid="109" ordinal="67" sl="109" sc="1" el="109" ec="2" bec="0" bev="0" fileid="2" />
                <SequencePoint vc="0" uspid="110" ordinal="68" sl="110" sc="1" el="110" ec="2" bec="0" bev="0" fileid="2" />
                <SequencePoint vc="475" uspid="111" ordinal="69" sl="111" sc="1" el="111" ec="2" bec="0" bev="0" fileid="2" />
                <SequencePoint vc="0" uspid="112" ordinal="70" sl="112" sc="1" el="112" ec="2" bec="0" bev="0" fileid="2" />
                <SequencePoint vc="0" uspid="113" ordinal="71" sl="113" sc="1" el="113" ec="2" bec="0" bev="0" fileid="2" />
                <SequencePoint vc="0" uspid="114" ordinal="72" sl="114" sc="1" el="114" ec="2" bec="0" bev="0" fileid="2" />
                <SequencePoint vc="0" uspid="115" ordinal="73" sl="115" sc="1" el="115" ec="2" bec="0" bev="0" fileid="2" />
                <SequencePoint vc="475" uspid="116" ordinal="74" sl="116" sc="1" el="116" ec="2" bec="0" bev="0" fileid="2" />
                <SequencePoint vc="6" uspid="118" ordinal="75" sl="118" sc="1" el="118" ec="2" bec="0" bev="0" fileid="2" />
                <SequencePoint vc="6" uspid="119" ordinal="76" sl="119" sc="1" el="119" ec="2" bec="0" bev="0" fileid="2" />
                <SequencePoint vc="6" uspid="120" ordinal="77" sl="120" sc="1" el="120" ec="2" bec="0" bev="0" fileid="2" />
                <SequencePoint vc="481" uspid="121" ordinal="78" sl="121" sc="1" el="121" ec="2" bec="0" bev="0" fileid="2" />
              </SequencePoints>
              <BranchPoints>
                <BranchPoint vc="475" uspid="38" ordinal="0" path="0" offset="54" offsetend="59" sl="38" fileid="2" />
                <BranchPoint vc="475" uspid="42" ordinal="2" path="0" offset="89" offsetend="91" sl="42" fileid="2" />
                <BranchPoint vc="0" uspid="42" ordinal="3" path="1" offset="89" offsetend="113" sl="42" fileid="2" />
                <BranchPoint vc="6" uspid="38" ordinal="1" path="1" offset="54" offsetend="209" sl="38" fileid="2" />
                <BranchPoint vc="475" uspid="58" ordinal="4" path="0" offset="232" offsetend="237" sl="58" fileid="2" />
                <BranchPoint vc="475" uspid="63" ordinal="6" path="0" offset="259" offsetend="264" sl="63" fileid="2" />
                <BranchPoint vc="0" uspid="67" ordinal="8" path="0" offset="288" offsetend="290" sl="67" fileid="2" />
                <BranchPoint vc="475" uspid="67" ordinal="9" path="1" offset="288" offsetend="306" sl="67" fileid="2" />
                <BranchPoint vc="0" uspid="67" ordinal="10" path="0" offset="311" offsetend="313" sl="67" fileid="2" />
                <BranchPoint vc="475" uspid="67" ordinal="11" path="1" offset="311" offsetend="368" sl="67" fileid="2" />
                <BranchPoint vc="0" uspid="75" ordinal="12" path="0" offset="376" offsetend="378" sl="75" fileid="2" />
                <BranchPoint vc="475" uspid="75" ordinal="13" path="1" offset="376" offsetend="394" sl="75" fileid="2" />
                <BranchPoint vc="0" uspid="75" ordinal="14" path="0" offset="399" offsetend="401" sl="75" fileid="2" />
                <BranchPoint vc="475" uspid="75" ordinal="15" path="1" offset="399" offsetend="455" sl="75" fileid="2" />
                <BranchPoint vc="22325" uspid="86" ordinal="21" path="1" offset="571" offsetend="461" sl="86" fileid="2" />
                <BranchPoint vc="22325" uspid="89" ordinal="16" path="0" offset="480" offsetend="482" sl="89" fileid="2" />
                <BranchPoint vc="0" uspid="89" ordinal="17" path="1" offset="480" offsetend="496" sl="89" fileid="2" />
                <BranchPoint vc="475" uspid="89" ordinal="18" path="0" offset="501" offsetend="503" sl="89" fileid="2" />
                <BranchPoint vc="21850" uspid="89" ordinal="19" path="1" offset="501" offsetend="548" sl="89" fileid="2" />
                <BranchPoint vc="475" uspid="86" ordinal="20" path="0" offset="571" offsetend="573" sl="86" fileid="2" />
                <BranchPoint vc="0" uspid="99" ordinal="22" path="0" offset="586" offsetend="588" sl="99" fileid="2" />
                <BranchPoint vc="475" uspid="99" ordinal="23" path="1" offset="586" offsetend="649" sl="99" fileid="2" />
                <BranchPoint vc="0" uspid="63" ordinal="7" path="1" offset="259" offsetend="653" sl="63" fileid="2" />
                <BranchPoint vc="0" uspid="103" ordinal="24" path="0" offset="663" offsetend="665" sl="103" fileid="2" />
                <BranchPoint vc="0" uspid="103" ordinal="25" path="1" offset="663" offsetend="680" sl="103" fileid="2" />
                <BranchPoint vc="6" uspid="58" ordinal="5" path="1" offset="232" offsetend="728" sl="58" fileid="2" />
              </BranchPoints>
              <MethodPoint vc="50" uspid="0" p8:type="SequencePoint" ordinal="5" offset="5" sc="0" sl="23" ec="1" el="121" bec="0" bev="0" fileid="2" xmlns:p8="xsi" />
            </Method>
          </Methods>
        </Class>
        <Class>
          <Summary numSequencePoints="62" visitedSequencePoints="57" numBranchPoints="44" visitedBranchPoints="36" sequenceCoverage="91.93" branchCoverage="81.81" maxCyclomaticComplexity="18" minCyclomaticComplexity="1" visitedClasses="1" numClasses="1" visitedMethods="7" numMethods="7" />
          <FullName>EngineCore.BoardClassifier</FullName>
          <Methods>
            <Method cyclomaticComplexity="18" nPathComplexity="18" sequenceCoverage="73.68" branchCoverage="61.11" isConstructor="False" isGetter="False" isSetter="False" isStatic="True">
              <Summary numSequencePoints="19" visitedSequencePoints="14" numBranchPoints="18" visitedBranchPoints="11" sequenceCoverage="73.68" branchCoverage="61.11" maxCyclomaticComplexity="18" minCyclomaticComplexity="18" visitedClasses="0" numClasses="0" visitedMethods="1" numMethods="1" />
              <MetadataToken />
              <Name>EngineCore.PositionClass EngineCore.BoardClassifier::Classify(EngineCore.GameState)</Name>
              <FileRef uid="3" />
              <SequencePoints>
                <SequencePoint vc="20363" uspid="11" ordinal="0" sl="11" sc="1" el="11" ec="2" bec="0" bev="0" fileid="3" />
                <SequencePoint vc="20363" uspid="13" ordinal="1" sl="13" sc="1" el="13" ec="2" bec="0" bev="0" fileid="3" />
                <SequencePoint vc="20363" uspid="14" ordinal="2" sl="14" sc="1" el="14" ec="2" bec="0" bev="0" fileid="3" />
                <SequencePoint vc="20363" uspid="17" ordinal="3" sl="17" sc="1" el="17" ec="2" bec="4" bev="4" fileid="3" />
                <SequencePoint vc="2" uspid="18" ordinal="4" sl="18" sc="1" el="18" ec="2" bec="0" bev="0" fileid="3" />
                <SequencePoint vc="20361" uspid="22" ordinal="5" sl="22" sc="1" el="22" ec="2" bec="2" bev="2" fileid="3" />
                <SequencePoint vc="20360" uspid="23" ordinal="6" sl="23" sc="1" el="23" ec="2" bec="0" bev="0" fileid="3" />
                <SequencePoint vc="20360" uspid="26" ordinal="7" sl="26" sc="1" el="26" ec="2" bec="4" bev="3" fileid="3" />
                <SequencePoint vc="1" uspid="27" ordinal="8" sl="27" sc="1" el="27" ec="2" bec="0" bev="0" fileid="3" />
                <SequencePoint vc="1" uspid="28" ordinal="9" sl="28" sc="1" el="28" ec="2" bec="0" bev="0" fileid="3" />
                <SequencePoint vc="20359" uspid="31" ordinal="10" sl="31" sc="1" el="31" ec="2" bec="0" bev="0" fileid="3" />
                <SequencePoint vc="1" uspid="36" ordinal="11" sl="36" sc="1" el="36" ec="2" bec="4" bev="2" fileid="3" />
                <SequencePoint vc="1" uspid="37" ordinal="12" sl="37" sc="1" el="37" ec="2" bec="0" bev="0" fileid="3" />
                <SequencePoint vc="0" uspid="41" ordinal="13" sl="41" sc="1" el="41" ec="2" bec="4" bev="0" fileid="3" />
                <SequencePoint vc="0" uspid="42" ordinal="14" sl="42" sc="1" el="42" ec="2" bec="0" bev="0" fileid="3" />
                <SequencePoint vc="0" uspid="43" ordinal="15" sl="43" sc="1" el="43" ec="2" bec="0" bev="0" fileid="3" />
                <SequencePoint vc="0" uspid="44" ordinal="16" sl="44" sc="1" el="44" ec="2" bec="0" bev="0" fileid="3" />
                <SequencePoint vc="0" uspid="47" ordinal="17" sl="47" sc="1" el="47" ec="2" bec="0" bev="0" fileid="3" />
                <SequencePoint vc="20363" uspid="48" ordinal="18" sl="48" sc="1" el="48" ec="2" bec="0" bev="0" fileid="3" />
              </SequencePoints>
              <BranchPoints>
                <BranchPoint vc="20361" uspid="17" ordinal="0" path="0" offset="29" offsetend="31" sl="17" fileid="3" />
                <BranchPoint vc="2" uspid="17" ordinal="1" path="1" offset="29" offsetend="37" sl="17" fileid="3" />
                <BranchPoint vc="2" uspid="17" ordinal="2" path="0" offset="40" offsetend="42" sl="17" fileid="3" />
                <BranchPoint vc="20361" uspid="17" ordinal="3" path="1" offset="40" offsetend="49" sl="17" fileid="3" />
                <BranchPoint vc="20360" uspid="22" ordinal="4" path="0" offset="60" offsetend="62" sl="22" fileid="3" />
                <BranchPoint vc="20360" uspid="26" ordinal="6" path="0" offset="76" offsetend="78" sl="26" fileid="3" />
                <BranchPoint vc="0" uspid="26" ordinal="7" path="1" offset="76" offsetend="93" sl="26" fileid="3" />
                <BranchPoint vc="1" uspid="26" ordinal="8" path="0" offset="98" offsetend="100" sl="26" fileid="3" />
                <BranchPoint vc="20359" uspid="26" ordinal="9" path="1" offset="98" offsetend="105" sl="26" fileid="3" />
                <BranchPoint vc="1" uspid="22" ordinal="5" path="1" offset="60" offsetend="109" sl="22" fileid="3" />
                <BranchPoint vc="0" uspid="36" ordinal="10" path="0" offset="111" offsetend="113" sl="36" fileid="3" />
                <BranchPoint vc="1" uspid="36" ordinal="11" path="1" offset="111" offsetend="119" sl="36" fileid="3" />
                <BranchPoint vc="1" uspid="36" ordinal="12" path="0" offset="124" offsetend="126" sl="36" fileid="3" />
                <BranchPoint vc="0" uspid="36" ordinal="13" path="1" offset="124" offsetend="130" sl="36" fileid="3" />
                <BranchPoint vc="0" uspid="41" ordinal="14" path="0" offset="147" offsetend="149" sl="41" fileid="3" />
                <BranchPoint vc="0" uspid="41" ordinal="15" path="1" offset="147" offsetend="170" sl="41" fileid="3" />
                <BranchPoint vc="0" uspid="41" ordinal="16" path="0" offset="175" offsetend="177" sl="41" fileid="3" />
                <BranchPoint vc="0" uspid="41" ordinal="17" path="1" offset="175" offsetend="182" sl="41" fileid="3" />
              </BranchPoints>
              <MethodPoint vc="14" uspid="0" p8:type="SequencePoint" ordinal="0" offset="0" sc="0" sl="11" ec="1" el="48" bec="0" bev="0" fileid="3" xmlns:p8="xsi" />
            </Method>
            <Method cyclomaticComplexity="4" nPathComplexity="4" sequenceCoverage="100" branchCoverage="100" isConstructor="False" isGetter="False" isSetter="False" isStatic="True">
              <Summary numSequencePoints="7" visitedSequencePoints="7" numBranchPoints="4" visitedBranchPoints="4" sequenceCoverage="100" branchCoverage="100" maxCyclomaticComplexity="4" minCyclomaticComplexity="4" visitedClasses="0" numClasses="0" visitedMethods="1" numMethods="1" />
              <MetadataToken />
              <Name>System.Int32 EngineCore.BoardClassifier::GetFurthestBack(System.Int32[])</Name>
              <FileRef uid="3" />
              <SequencePoints>
                <SequencePoint vc="40726" uspid="51" ordinal="0" sl="51" sc="1" el="51" ec="2" bec="0" bev="0" fileid="3" />
                <SequencePoint vc="200218" uspid="52" ordinal="1" sl="52" sc="1" el="52" ec="2" bec="2" bev="2" fileid="3" />
                <SequencePoint vc="100107" uspid="53" ordinal="2" sl="53" sc="1" el="53" ec="2" bec="0" bev="0" fileid="3" />
                <SequencePoint vc="140831" uspid="54" ordinal="3" sl="54" sc="1" el="54" ec="2" bec="2" bev="2" fileid="3" />
                <SequencePoint vc="59383" uspid="55" ordinal="4" sl="55" sc="1" el="55" ec="2" bec="0" bev="0" fileid="3" />
                <SequencePoint vc="2" uspid="56" ordinal="5" sl="56" sc="1" el="56" ec="2" bec="0" bev="0" fileid="3" />
                <SequencePoint vc="40726" uspid="57" ordinal="6" sl="57" sc="1" el="57" ec="2" bec="0" bev="0" fileid="3" />
              </SequencePoints>
              <BranchPoints>
                <BranchPoint vc="100107" uspid="52" ordinal="3" path="1" offset="35" offsetend="6" sl="52" fileid="3" />
                <BranchPoint vc="40724" uspid="54" ordinal="0" path="0" offset="15" offsetend="17" sl="54" fileid="3" />
                <BranchPoint vc="59383" uspid="54" ordinal="1" path="1" offset="15" offsetend="21" sl="54" fileid="3" />
                <BranchPoint vc="2" uspid="52" ordinal="2" path="0" offset="35" offsetend="37" sl="52" fileid="3" />
              </BranchPoints>
              <MethodPoint vc="7" uspid="0" p8:type="SequencePoint" ordinal="1" offset="1" sc="0" sl="51" ec="1" el="57" bec="0" bev="0" fileid="3" xmlns:p8="xsi" />
            </Method>
            <Method cyclomaticComplexity="8" nPathComplexity="8" sequenceCoverage="100" branchCoverage="87.5" isConstructor="False" isGetter="False" isSetter="False" isStatic="True">
              <Summary numSequencePoints="7" visitedSequencePoints="7" numBranchPoints="8" visitedBranchPoints="7" sequenceCoverage="100" branchCoverage="87.5" maxCyclomaticComplexity="8" minCyclomaticComplexity="8" visitedClasses="0" numClasses="0" visitedMethods="1" numMethods="1" />
              <MetadataToken />
              <Name>System.Boolean EngineCore.BoardClassifier::IsCrashed(System.Int32[],System.Int32)</Name>
              <FileRef uid="3" />
              <SequencePoints>
                <SequencePoint vc="40720" uspid="60" ordinal="0" sl="60" sc="1" el="60" ec="2" bec="0" bev="0" fileid="3" />
                <SequencePoint vc="40720" uspid="61" ordinal="1" sl="61" sc="1" el="61" ec="2" bec="0" bev="0" fileid="3" />
                <SequencePoint vc="3176160" uspid="62" ordinal="2" sl="62" sc="1" el="62" ec="2" bec="2" bev="2" fileid="3" />
                <SequencePoint vc="40720" uspid="65" ordinal="3" sl="65" sc="1" el="65" ec="2" bec="2" bev="1" fileid="3" />
                <SequencePoint vc="40721" uspid="68" ordinal="4" sl="68" sc="1" el="68" ec="2" bec="4" bev="4" fileid="3" />
                <SequencePoint vc="40719" uspid="70" ordinal="5" sl="70" sc="1" el="70" ec="2" bec="0" bev="0" fileid="3" />
                <SequencePoint vc="40720" uspid="71" ordinal="6" sl="71" sc="1" el="71" ec="2" bec="0" bev="0" fileid="3" />
              </SequencePoints>
              <BranchPoints>
                <BranchPoint vc="1018000" uspid="62" ordinal="1" path="1" offset="26" offsetend="10" sl="62" fileid="3" />
                <BranchPoint vc="40720" uspid="62" ordinal="0" path="0" offset="26" offsetend="28" sl="62" fileid="3" />
                <BranchPoint vc="0" uspid="65" ordinal="2" path="0" offset="39" offsetend="41" sl="65" fileid="3" />
                <BranchPoint vc="40720" uspid="65" ordinal="3" path="1" offset="39" offsetend="46" sl="65" fileid="3" />
                <BranchPoint vc="1542" uspid="68" ordinal="4" path="0" offset="50" offsetend="52" sl="68" fileid="3" />
                <BranchPoint vc="39178" uspid="68" ordinal="5" path="1" offset="50" offsetend="65" sl="68" fileid="3" />
                <BranchPoint vc="1" uspid="68" ordinal="6" path="0" offset="70" offsetend="72" sl="68" fileid="3" />
                <BranchPoint vc="40719" uspid="68" ordinal="7" path="1" offset="70" offsetend="77" sl="68" fileid="3" />
              </BranchPoints>
              <MethodPoint vc="7" uspid="0" p8:type="SequencePoint" ordinal="2" offset="2" sc="0" sl="60" ec="1" el="71" bec="0" bev="0" fileid="3" xmlns:p8="xsi" />
            </Method>
            <Method cyclomaticComplexity="4" nPathComplexity="4" sequenceCoverage="100" branchCoverage="100" isConstructor="False" isGetter="False" isSetter="False" isStatic="True">
              <Summary numSequencePoints="14" visitedSequencePoints="14" numBranchPoints="4" visitedBranchPoints="4" sequenceCoverage="100" branchCoverage="100" maxCyclomaticComplexity="4" minCyclomaticComplexity="4" visitedClasses="0" numClasses="0" visitedMethods="1" numMethods="1" />
              <MetadataToken />
              <Name>System.UInt32 EngineCore.BoardClassifier::GetPositionBearoff(System.Int32[])</Name>
              <FileRef uid="3" />
              <SequencePoints>
                <SequencePoint vc="6" uspid="78" ordinal="0" sl="78" sc="1" el="78" ec="2" bec="0" bev="0" fileid="3" />
                <SequencePoint vc="6" uspid="79" ordinal="1" sl="79" sc="1" el="79" ec="2" bec="0" bev="0" fileid="3" />
                <SequencePoint vc="6" uspid="80" ordinal="2" sl="80" sc="1" el="80" ec="2" bec="0" bev="0" fileid="3" />
                <SequencePoint vc="6" uspid="83" ordinal="3" sl="83" sc="1" el="83" ec="2" bec="0" bev="0" fileid="3" />
                <SequencePoint vc="84" uspid="84" ordinal="4" sl="84" sc="1" el="84" ec="2" bec="2" bev="2" fileid="3" />
                <SequencePoint vc="36" uspid="85" ordinal="5" sl="85" sc="1" el="85" ec="2" bec="0" bev="0" fileid="3" />
                <SequencePoint vc="6" uspid="87" ordinal="6" sl="87" sc="1" el="87" ec="2" bec="0" bev="0" fileid="3" />
                <SequencePoint vc="72" uspid="89" ordinal="7" sl="89" sc="1" el="89" ec="2" bec="2" bev="2" fileid="3" />
                <SequencePoint vc="30" uspid="90" ordinal="8" sl="90" sc="1" el="90" ec="2" bec="0" bev="0" fileid="3" />
                <SequencePoint vc="30" uspid="91" ordinal="9" sl="91" sc="1" el="91" ec="2" bec="0" bev="0" fileid="3" />
                <SequencePoint vc="30" uspid="92" ordinal="10" sl="92" sc="1" el="92" ec="2" bec="0" bev="0" fileid="3" />
                <SequencePoint vc="30" uspid="93" ordinal="11" sl="93" sc="1" el="93" ec="2" bec="0" bev="0" fileid="3" />
                <SequencePoint vc="6" uspid="95" ordinal="12" sl="95" sc="1" el="95" ec="2" bec="0" bev="0" fileid="3" />
                <SequencePoint vc="6" uspid="96" ordinal="13" sl="96" sc="1" el="96" ec="2" bec="0" bev="0" fileid="3" />
              </SequencePoints>
              <BranchPoints>
                <BranchPoint vc="36" uspid="84" ordinal="1" path="1" offset="37" offsetend="15" sl="84" fileid="3" />
                <BranchPoint vc="6" uspid="84" ordinal="0" path="0" offset="37" offsetend="39" sl="84" fileid="3" />
                <BranchPoint vc="30" uspid="89" ordinal="3" path="1" offset="88" offsetend="51" sl="89" fileid="3" />
                <BranchPoint vc="6" uspid="89" ordinal="2" path="0" offset="88" offsetend="90" sl="89" fileid="3" />
              </BranchPoints>
              <MethodPoint vc="14" uspid="0" p8:type="SequencePoint" ordinal="3" offset="3" sc="0" sl="78" ec="1" el="96" bec="0" bev="0" fileid="3" xmlns:p8="xsi" />
            </Method>
            <Method cyclomaticComplexity="4" nPathComplexity="4" sequenceCoverage="100" branchCoverage="100" isConstructor="False" isGetter="False" isSetter="False" isStatic="True">
              <Summary numSequencePoints="6" visitedSequencePoints="6" numBranchPoints="4" visitedBranchPoints="4" sequenceCoverage="100" branchCoverage="100" maxCyclomaticComplexity="4" minCyclomaticComplexity="4" visitedClasses="0" numClasses="0" visitedMethods="1" numMethods="1" />
              <MetadataToken />
              <Name>System.UInt32 EngineCore.BoardClassifier::PositionF(System.UInt32,System.UInt32,System.UInt32)</Name>
              <FileRef uid="3" />
              <SequencePoints>
                <SequencePoint vc="103" uspid="99" ordinal="0" sl="99" sc="1" el="99" ec="2" bec="0" bev="0" fileid="3" />
                <SequencePoint vc="109" uspid="100" ordinal="1" sl="100" sc="1" el="100" ec="2" bec="2" bev="2" fileid="3" />
                <SequencePoint vc="97" uspid="103" ordinal="2" sl="103" sc="1" el="103" ec="2" bec="2" bev="2" fileid="3" />
                <SequencePoint vc="7" uspid="104" ordinal="3" sl="104" sc="1" el="104" ec="2" bec="0" bev="0" fileid="3" />
                <SequencePoint vc="90" uspid="106" ordinal="4" sl="106" sc="1" el="106" ec="2" bec="0" bev="0" fileid="3" />
                <SequencePoint vc="103" uspid="107" ordinal="5" sl="107" sc="1" el="107" ec="2" bec="0" bev="0" fileid="3" />
              </SequencePoints>
              <BranchPoints>
                <BranchPoint vc="6" uspid="100" ordinal="0" path="0" offset="7" offsetend="9" sl="100" fileid="3" />
                <BranchPoint vc="97" uspid="100" ordinal="1" path="1" offset="7" offsetend="13" sl="100" fileid="3" />
                <BranchPoint vc="7" uspid="103" ordinal="2" path="0" offset="28" offsetend="30" sl="103" fileid="3" />
                <BranchPoint vc="90" uspid="103" ordinal="3" path="1" offset="28" offsetend="63" sl="103" fileid="3" />
              </BranchPoints>
              <MethodPoint vc="6" uspid="0" p8:type="SequencePoint" ordinal="4" offset="4" sc="0" sl="99" ec="1" el="107" bec="0" bev="0" fileid="3" xmlns:p8="xsi" />
            </Method>
            <Method cyclomaticComplexity="6" nPathComplexity="6" sequenceCoverage="100" branchCoverage="100" isConstructor="False" isGetter="False" isSetter="False" isStatic="True">
              <Summary numSequencePoints="8" visitedSequencePoints="8" numBranchPoints="6" visitedBranchPoints="6" sequenceCoverage="100" branchCoverage="100" maxCyclomaticComplexity="6" minCyclomaticComplexity="6" visitedClasses="0" numClasses="0" visitedMethods="1" numMethods="1" />
              <MetadataToken />
              <Name>System.UInt32[0...,0...] EngineCore.BoardClassifier::PrecomputeCombinationTable()</Name>
              <FileRef uid="3" />
              <SequencePoints>
                <SequencePoint vc="1" uspid="110" ordinal="0" sl="110" sc="1" el="110" ec="2" bec="0" bev="0" fileid="3" />
                <SequencePoint vc="1" uspid="111" ordinal="1" sl="111" sc="1" el="111" ec="2" bec="0" bev="0" fileid="3" />
                <SequencePoint vc="122" uspid="112" ordinal="2" sl="112" sc="1" el="112" ec="2" bec="2" bev="2" fileid="3" />
                <SequencePoint vc="80" uspid="113" ordinal="3" sl="113" sc="1" el="113" ec="2" bec="2" bev="2" fileid="3" />
                <SequencePoint vc="1950" uspid="114" ordinal="4" sl="114" sc="1" el="114" ec="2" bec="2" bev="2" fileid="3" />
                <SequencePoint vc="936" uspid="115" ordinal="5" sl="115" sc="1" el="115" ec="2" bec="0" bev="0" fileid="3" />
                <SequencePoint vc="1" uspid="116" ordinal="6" sl="116" sc="1" el="116" ec="2" bec="0" bev="0" fileid="3" />
                <SequencePoint vc="1" uspid="117" ordinal="7" sl="117" sc="1" el="117" ec="2" bec="0" bev="0" fileid="3" />
              </SequencePoints>
              <BranchPoints>
                <BranchPoint vc="40" uspid="112" ordinal="1" path="1" offset="37" offsetend="15" sl="112" fileid="3" />
                <BranchPoint vc="1" uspid="112" ordinal="0" path="0" offset="37" offsetend="39" sl="112" fileid="3" />
                <BranchPoint vc="39" uspid="113" ordinal="5" path="1" offset="113" offsetend="43" sl="113" fileid="3" />
                <BranchPoint vc="936" uspid="114" ordinal="3" path="1" offset="98" offsetend="48" sl="114" fileid="3" />
                <BranchPoint vc="39" uspid="114" ordinal="2" path="0" offset="98" offsetend="100" sl="114" fileid="3" />
                <BranchPoint vc="1" uspid="113" ordinal="4" path="0" offset="113" offsetend="115" sl="113" fileid="3" />
              </BranchPoints>
              <MethodPoint vc="8" uspid="0" p8:type="SequencePoint" ordinal="5" offset="5" sc="0" sl="110" ec="1" el="117" bec="0" bev="0" fileid="3" xmlns:p8="xsi" />
            </Method>
            <Method cyclomaticComplexity="1" nPathComplexity="1" sequenceCoverage="100" branchCoverage="100" isConstructor="True" isGetter="False" isSetter="False" isStatic="True">
              <Summary numSequencePoints="1" visitedSequencePoints="1" numBranchPoints="0" visitedBranchPoints="0" sequenceCoverage="100" branchCoverage="100" maxCyclomaticComplexity="1" minCyclomaticComplexity="1" visitedClasses="0" numClasses="0" visitedMethods="1" numMethods="1" />
              <MetadataToken />
              <Name>System.Void EngineCore.BoardClassifier::.cctor()</Name>
              <FileRef uid="3" />
              <SequencePoints>
                <SequencePoint vc="1" uspid="5" ordinal="0" sl="5" sc="1" el="5" ec="2" bec="0" bev="0" fileid="3" />
              </SequencePoints>
              <BranchPoints />
              <MethodPoint vc="1" uspid="0" p8:type="SequencePoint" ordinal="6" offset="6" sc="0" sl="5" ec="1" el="5" bec="0" bev="0" fileid="3" xmlns:p8="xsi" />
            </Method>
          </Methods>
        </Class>
        <Class>
          <Summary numSequencePoints="9" visitedSequencePoints="9" numBranchPoints="0" visitedBranchPoints="0" sequenceCoverage="100" branchCoverage="100" maxCyclomaticComplexity="1" minCyclomaticComplexity="1" visitedClasses="1" numClasses="1" visitedMethods="7" numMethods="7" />
          <FullName>EngineCore.Probabilities</FullName>
          <Methods>
            <Method cyclomaticComplexity="1" nPathComplexity="1" sequenceCoverage="100" branchCoverage="100" isConstructor="False" isGetter="True" isSetter="False" isStatic="True">
              <Summary numSequencePoints="1" visitedSequencePoints="1" numBranchPoints="0" visitedBranchPoints="0" sequenceCoverage="100" branchCoverage="100" maxCyclomaticComplexity="1" minCyclomaticComplexity="1" visitedClasses="0" numClasses="0" visitedMethods="1" numMethods="1" />
              <MetadataToken />
              <Name>System.Single EngineCore.Probabilities::get_Win()</Name>
              <FileRef uid="4" />
              <SequencePoints>
                <SequencePoint vc="1233874" uspid="6" ordinal="0" sl="6" sc="1" el="6" ec="2" bec="0" bev="0" fileid="4" />
              </SequencePoints>
              <BranchPoints />
              <MethodPoint vc="1" uspid="0" p8:type="SequencePoint" ordinal="0" offset="0" sc="0" sl="6" ec="1" el="6" bec="0" bev="0" fileid="4" xmlns:p8="xsi" />
            </Method>
            <Method cyclomaticComplexity="1" nPathComplexity="1" sequenceCoverage="100" branchCoverage="100" isConstructor="False" isGetter="True" isSetter="False" isStatic="True">
              <Summary numSequencePoints="1" visitedSequencePoints="1" numBranchPoints="0" visitedBranchPoints="0" sequenceCoverage="100" branchCoverage="100" maxCyclomaticComplexity="1" minCyclomaticComplexity="1" visitedClasses="0" numClasses="0" visitedMethods="1" numMethods="1" />
              <MetadataToken />
              <Name>System.Single EngineCore.Probabilities::get_WinGammon()</Name>
              <FileRef uid="4" />
              <SequencePoints>
                <SequencePoint vc="528809" uspid="7" ordinal="0" sl="7" sc="1" el="7" ec="2" bec="0" bev="0" fileid="4" />
              </SequencePoints>
              <BranchPoints />
              <MethodPoint vc="1" uspid="0" p8:type="SequencePoint" ordinal="1" offset="1" sc="0" sl="7" ec="1" el="7" bec="0" bev="0" fileid="4" xmlns:p8="xsi" />
            </Method>
            <Method cyclomaticComplexity="1" nPathComplexity="1" sequenceCoverage="100" branchCoverage="100" isConstructor="False" isGetter="True" isSetter="False" isStatic="True">
              <Summary numSequencePoints="1" visitedSequencePoints="1" numBranchPoints="0" visitedBranchPoints="0" sequenceCoverage="100" branchCoverage="100" maxCyclomaticComplexity="1" minCyclomaticComplexity="1" visitedClasses="0" numClasses="0" visitedMethods="1" numMethods="1" />
              <MetadataToken />
              <Name>System.Single EngineCore.Probabilities::get_WinBackgammon()</Name>
              <FileRef uid="4" />
              <SequencePoints>
                <SequencePoint vc="528809" uspid="8" ordinal="0" sl="8" sc="1" el="8" ec="2" bec="0" bev="0" fileid="4" />
              </SequencePoints>
              <BranchPoints />
              <MethodPoint vc="1" uspid="0" p8:type="SequencePoint" ordinal="2" offset="2" sc="0" sl="8" ec="1" el="8" bec="0" bev="0" fileid="4" xmlns:p8="xsi" />
            </Method>
            <Method cyclomaticComplexity="1" nPathComplexity="1" sequenceCoverage="100" branchCoverage="100" isConstructor="False" isGetter="True" isSetter="False" isStatic="True">
              <Summary numSequencePoints="1" visitedSequencePoints="1" numBranchPoints="0" visitedBranchPoints="0" sequenceCoverage="100" branchCoverage="100" maxCyclomaticComplexity="1" minCyclomaticComplexity="1" visitedClasses="0" numClasses="0" visitedMethods="1" numMethods="1" />
              <MetadataToken />
              <Name>System.Single EngineCore.Probabilities::get_LoseGammon()</Name>
              <FileRef uid="4" />
              <SequencePoints>
                <SequencePoint vc="528809" uspid="9" ordinal="0" sl="9" sc="1" el="9" ec="2" bec="0" bev="0" fileid="4" />
              </SequencePoints>
              <BranchPoints />
              <MethodPoint vc="1" uspid="0" p8:type="SequencePoint" ordinal="3" offset="3" sc="0" sl="9" ec="1" el="9" bec="0" bev="0" fileid="4" xmlns:p8="xsi" />
            </Method>
            <Method cyclomaticComplexity="1" nPathComplexity="1" sequenceCoverage="100" branchCoverage="100" isConstructor="False" isGetter="True" isSetter="False" isStatic="True">
              <Summary numSequencePoints="1" visitedSequencePoints="1" numBranchPoints="0" visitedBranchPoints="0" sequenceCoverage="100" branchCoverage="100" maxCyclomaticComplexity="1" minCyclomaticComplexity="1" visitedClasses="0" numClasses="0" visitedMethods="1" numMethods="1" />
              <MetadataToken />
              <Name>System.Single EngineCore.Probabilities::get_LoseBackgammon()</Name>
              <FileRef uid="4" />
              <SequencePoints>
                <SequencePoint vc="528809" uspid="10" ordinal="0" sl="10" sc="1" el="10" ec="2" bec="0" bev="0" fileid="4" />
              </SequencePoints>
              <BranchPoints />
              <MethodPoint vc="1" uspid="0" p8:type="SequencePoint" ordinal="4" offset="4" sc="0" sl="10" ec="1" el="10" bec="0" bev="0" fileid="4" xmlns:p8="xsi" />
            </Method>
            <Method cyclomaticComplexity="1" nPathComplexity="1" sequenceCoverage="100" branchCoverage="100" isConstructor="False" isGetter="True" isSetter="False" isStatic="True">
              <Summary numSequencePoints="1" visitedSequencePoints="1" numBranchPoints="0" visitedBranchPoints="0" sequenceCoverage="100" branchCoverage="100" maxCyclomaticComplexity="1" minCyclomaticComplexity="1" visitedClasses="0" numClasses="0" visitedMethods="1" numMethods="1" />
              <MetadataToken />
              <Name>System.Single EngineCore.Probabilities::get_Lose()</Name>
              <FileRef uid="4" />
              <SequencePoints>
                <SequencePoint vc="1" uspid="12" ordinal="0" sl="12" sc="1" el="12" ec="2" bec="0" bev="0" fileid="4" />
              </SequencePoints>
              <BranchPoints />
              <MethodPoint vc="1" uspid="0" p8:type="SequencePoint" ordinal="5" offset="5" sc="0" sl="12" ec="1" el="12" bec="0" bev="0" fileid="4" xmlns:p8="xsi" />
            </Method>
            <Method cyclomaticComplexity="1" nPathComplexity="1" sequenceCoverage="100" branchCoverage="100" isConstructor="True" isGetter="False" isSetter="False" isStatic="True">
              <Summary numSequencePoints="3" visitedSequencePoints="3" numBranchPoints="0" visitedBranchPoints="0" sequenceCoverage="100" branchCoverage="100" maxCyclomaticComplexity="1" minCyclomaticComplexity="1" visitedClasses="0" numClasses="0" visitedMethods="1" numMethods="1" />
              <MetadataToken />
              <Name>System.Void EngineCore.Probabilities::.ctor(System.Single,System.Single,System.Single,System.Single,System.Single)</Name>
              <FileRef uid="4" />
              <SequencePoints>
                <SequencePoint vc="176272" uspid="5" ordinal="0" sl="5" sc="1" el="5" ec="2" bec="0" bev="0" fileid="4" />
                <SequencePoint vc="176272" uspid="11" ordinal="1" sl="11" sc="1" el="11" ec="2" bec="0" bev="0" fileid="4" />
                <SequencePoint vc="176272" uspid="13" ordinal="2" sl="13" sc="1" el="13" ec="2" bec="0" bev="0" fileid="4" />
              </SequencePoints>
              <BranchPoints />
              <MethodPoint vc="3" uspid="0" p8:type="SequencePoint" ordinal="6" offset="6" sc="0" sl="5" ec="1" el="13" bec="0" bev="0" fileid="4" xmlns:p8="xsi" />
            </Method>
          </Methods>
        </Class>
        <Class>
[...]
                <BranchPoint vc="176265" uspid="160" ordinal="3" path="1" offset="35" offsetend="192" sl="160" fileid="17" />
                <BranchPoint vc="0" uspid="193" ordinal="10" path="0" offset="225" offsetend="227" sl="193" fileid="17" />
                <BranchPoint vc="176265" uspid="193" ordinal="11" path="1" offset="225" offsetend="242" sl="193" fileid="17" />
                <BranchPoint vc="176265" uspid="194" ordinal="12" path="0" offset="249" offsetend="251" sl="194" fileid="17" />
                <BranchPoint vc="0" uspid="194" ordinal="13" path="1" offset="249" offsetend="273" sl="194" fileid="17" />
              </BranchPoints>
              <MethodPoint vc="26" uspid="0" p8:type="SequencePoint" ordinal="3" offset="3" sc="0" sl="154" ec="1" el="202" bec="0" bev="0" fileid="17" xmlns:p8="xsi" />
            </Method>
            <Method cyclomaticComplexity="1" nPathComplexity="1" sequenceCoverage="100" branchCoverage="100" isConstructor="False" isGetter="False" isSetter="False" isStatic="True">
              <Summary numSequencePoints="1" visitedSequencePoints="1" numBranchPoints="0" visitedBranchPoints="0" sequenceCoverage="100" branchCoverage="100" maxCyclomaticComplexity="1" minCyclomaticComplexity="1" visitedClasses="0" numClasses="0" visitedMethods="1" numMethods="1" />
              <MetadataToken />
              <Name>System.Void EngineCore.SearchEngine::ClearCache()</Name>
              <FileRef uid="17" />
              <SequencePoints>
                <SequencePoint vc="911" uspid="204" ordinal="0" sl="204" sc="1" el="204" ec="2" bec="0" bev="0" fileid="17" />
              </SequencePoints>
              <BranchPoints />
              <MethodPoint vc="1" uspid="0" p8:type="SequencePoint" ordinal="4" offset="4" sc="0" sl="204" ec="1" el="204" bec="0" bev="0" fileid="17" xmlns:p8="xsi" />
            </Method>
            <Method cyclomaticComplexity="1" nPathComplexity="1" sequenceCoverage="100" branchCoverage="100" isConstructor="False" isGetter="False" isSetter="False" isStatic="True">
              <Summary numSequencePoints="3" visitedSequencePoints="3" numBranchPoints="0" visitedBranchPoints="0" sequenceCoverage="100" branchCoverage="100" maxCyclomaticComplexity="1" minCyclomaticComplexity="1" visitedClasses="0" numClasses="0" visitedMethods="1" numMethods="1" />
              <MetadataToken />
              <Name>System.Single EngineCore.SearchEngine::GetEquity(EngineCore.GameState,EngineCore.MatchState)</Name>
              <FileRef uid="17" />
              <SequencePoints>
                <SequencePoint vc="45783" uspid="211" ordinal="0" sl="211" sc="1" el="211" ec="2" bec="0" bev="0" fileid="17" />
                <SequencePoint vc="45783" uspid="212" ordinal="1" sl="212" sc="1" el="212" ec="2" bec="0" bev="0" fileid="17" />
                <SequencePoint vc="45783" uspid="213" ordinal="2" sl="213" sc="1" el="213" ec="2" bec="0" bev="0" fileid="17" />
              </SequencePoints>
              <BranchPoints />
              <MethodPoint vc="3" uspid="0" p8:type="SequencePoint" ordinal="5" offset="5" sc="0" sl="211" ec="1" el="213" bec="0" bev="0" fileid="17" xmlns:p8="xsi" />
            </Method>
            <Method cyclomaticComplexity="6" nPathComplexity="6" sequenceCoverage="100" branchCoverage="83.33" isConstructor="True" isGetter="False" isSetter="False" isStatic="True">
              <Summary numSequencePoints="13" visitedSequencePoints="13" numBranchPoints="6" visitedBranchPoints="5" sequenceCoverage="100" branchCoverage="83.33" maxCyclomaticComplexity="6" minCyclomaticComplexity="6" visitedClasses="0" numClasses="0" visitedMethods="1" numMethods="1" />
              <MetadataToken />
              <Name>System.Void EngineCore.SearchEngine::.ctor(EngineCore.NeuralNet,EngineCore.NeuralNet,EngineCore.BearoffEvaluator,EngineCore.CubeEvaluator)</Name>
              <FileRef uid="17" />
              <SequencePoints>
                <SequencePoint vc="472" uspid="17" ordinal="0" sl="17" sc="1" el="17" ec="2" bec="0" bev="0" fileid="17" />
                <SequencePoint vc="472" uspid="18" ordinal="1" sl="18" sc="1" el="18" ec="2" bec="0" bev="0" fileid="17" />
                <SequencePoint vc="472" uspid="19" ordinal="2" sl="19" sc="1" el="19" ec="2" bec="0" bev="0" fileid="17" />
                <SequencePoint vc="472" uspid="20" ordinal="3" sl="20" sc="1" el="20" ec="2" bec="0" bev="0" fileid="17" />
                <SequencePoint vc="472" uspid="21" ordinal="4" sl="21" sc="1" el="21" ec="2" bec="0" bev="0" fileid="17" />
                <SequencePoint vc="472" uspid="22" ordinal="5" sl="22" sc="1" el="22" ec="2" bec="0" bev="0" fileid="17" />
                <SequencePoint vc="472" uspid="23" ordinal="6" sl="23" sc="1" el="23" ec="2" bec="0" bev="0" fileid="17" />
                <SequencePoint vc="472" uspid="24" ordinal="7" sl="24" sc="1" el="24" ec="2" bec="2" bev="2" fileid="17" />
                <SequencePoint vc="472" uspid="25" ordinal="8" sl="25" sc="1" el="25" ec="2" bec="2" bev="2" fileid="17" />
                <SequencePoint vc="472" uspid="26" ordinal="9" sl="26" sc="1" el="26" ec="2" bec="2" bev="1" fileid="17" />
                <SequencePoint vc="472" uspid="27" ordinal="10" sl="27" sc="1" el="27" ec="2" bec="0" bev="0" fileid="17" />
                <SequencePoint vc="472" uspid="30" ordinal="11" sl="30" sc="1" el="30" ec="2" bec="0" bev="0" fileid="17" />
                <SequencePoint vc="472" uspid="31" ordinal="12" sl="31" sc="1" el="31" ec="2" bec="0" bev="0" fileid="17" />
              </SequencePoints>
              <BranchPoints>
                <BranchPoint vc="472" uspid="24" ordinal="0" path="0" offset="18" offsetend="20" sl="24" fileid="17" />
                <BranchPoint vc="472" uspid="24" ordinal="1" path="1" offset="18" offsetend="22" sl="24" fileid="17" />
                <BranchPoint vc="4" uspid="25" ordinal="2" path="0" offset="30" offsetend="32" sl="25" fileid="17" />
                <BranchPoint vc="472" uspid="25" ordinal="3" path="1" offset="30" offsetend="43" sl="25" fileid="17" />
                <BranchPoint vc="0" uspid="26" ordinal="4" path="0" offset="52" offsetend="54" sl="26" fileid="17" />
                <BranchPoint vc="472" uspid="26" ordinal="5" path="1" offset="52" offsetend="60" sl="26" fileid="17" />
              </BranchPoints>
              <MethodPoint vc="13" uspid="0" p8:type="SequencePoint" ordinal="6" offset="6" sc="0" sl="17" ec="1" el="31" bec="0" bev="0" fileid="17" xmlns:p8="xsi" />
            </Method>
            <Method cyclomaticComplexity="1" nPathComplexity="1" sequenceCoverage="100" branchCoverage="100" isConstructor="True" isGetter="False" isSetter="False" isStatic="True">
              <Summary numSequencePoints="7" visitedSequencePoints="7" numBranchPoints="0" visitedBranchPoints="0" sequenceCoverage="100" branchCoverage="100" maxCyclomaticComplexity="1" minCyclomaticComplexity="1" visitedClasses="0" numClasses="0" visitedMethods="1" numMethods="1" />
              <MetadataToken />
              <Name>System.Void EngineCore.SearchEngine::.cctor()</Name>
              <FileRef uid="17" />
              <SequencePoints>
                <SequencePoint vc="1" uspid="34" ordinal="0" sl="34" sc="1" el="34" ec="2" bec="0" bev="0" fileid="17" />
                <SequencePoint vc="1" uspid="35" ordinal="1" sl="35" sc="1" el="35" ec="2" bec="0" bev="0" fileid="17" />
                <SequencePoint vc="1" uspid="36" ordinal="2" sl="36" sc="1" el="36" ec="2" bec="0" bev="0" fileid="17" />
                <SequencePoint vc="1" uspid="37" ordinal="3" sl="37" sc="1" el="37" ec="2" bec="0" bev="0" fileid="17" />
                <SequencePoint vc="1" uspid="38" ordinal="4" sl="38" sc="1" el="38" ec="2" bec="0" bev="0" fileid="17" />
                <SequencePoint vc="1" uspid="39" ordinal="5" sl="39" sc="1" el="39" ec="2" bec="0" bev="0" fileid="17" />
                <SequencePoint vc="1" uspid="40" ordinal="6" sl="40" sc="1" el="40" ec="2" bec="0" bev="0" fileid="17" />
              </SequencePoints>
              <BranchPoints />
              <MethodPoint vc="7" uspid="0" p8:type="SequencePoint" ordinal="7" offset="7" sc="0" sl="34" ec="1" el="40" bec="0" bev="0" fileid="17" xmlns:p8="xsi" />
            </Method>
          </Methods>
        </Class>
        <Class>
          <Summary numSequencePoints="51" visitedSequencePoints="49" numBranchPoints="22" visitedBranchPoints="19" sequenceCoverage="96.07" branchCoverage="86.36" maxCyclomaticComplexity="18" minCyclomaticComplexity="4" visitedClasses="1" numClasses="1" visitedMethods="2" numMethods="2" />
          <FullName>EngineCore.WeightParser</FullName>
          <Methods>
            <Method cyclomaticComplexity="4" nPathComplexity="4" sequenceCoverage="92.3" branchCoverage="75" isConstructor="False" isGetter="False" isSetter="False" isStatic="True">
              <Summary numSequencePoints="13" visitedSequencePoints="12" numBranchPoints="4" visitedBranchPoints="3" sequenceCoverage="92.3" branchCoverage="75" maxCyclomaticComplexity="4" minCyclomaticComplexity="4" visitedClasses="0" numClasses="0" visitedMethods="1" numMethods="1" />
              <MetadataToken />
              <Name>System.Collections.Generic.List`1&lt;EngineCore.NeuralNet&gt; EngineCore.WeightParser::Load(System.String)</Name>
              <FileRef uid="18" />
              <SequencePoints>
                <SequencePoint vc="469" uspid="11" ordinal="0" sl="11" sc="1" el="11" ec="2" bec="0" bev="0" fileid="18" />
                <SequencePoint vc="469" uspid="12" ordinal="1" sl="12" sc="1" el="12" ec="2" bec="2" bev="1" fileid="18" />
                <SequencePoint vc="0" uspid="13" ordinal="2" sl="13" sc="1" el="13" ec="2" bec="0" bev="0" fileid="18" />
                <SequencePoint vc="469" uspid="15" ordinal="3" sl="15" sc="1" el="15" ec="2" bec="0" bev="0" fileid="18" />
                <SequencePoint vc="469" uspid="16" ordinal="4" sl="16" sc="1" el="16" ec="2" bec="0" bev="0" fileid="18" />
                <SequencePoint vc="469" uspid="18" ordinal="5" sl="18" sc="1" el="18" ec="2" bec="0" bev="0" fileid="18" />
                <SequencePoint vc="469" uspid="19" ordinal="6" sl="19" sc="1" el="19" ec="2" bec="0" bev="0" fileid="18" />
                <SequencePoint vc="3283" uspid="21" ordinal="7" sl="21" sc="1" el="21" ec="2" bec="2" bev="2" fileid="18" />
                <SequencePoint vc="2814" uspid="22" ordinal="8" sl="22" sc="1" el="22" ec="2" bec="0" bev="0" fileid="18" />
                <SequencePoint vc="2814" uspid="23" ordinal="9" sl="23" sc="1" el="23" ec="2" bec="0" bev="0" fileid="18" />
                <SequencePoint vc="2814" uspid="24" ordinal="10" sl="24" sc="1" el="24" ec="2" bec="0" bev="0" fileid="18" />
                <SequencePoint vc="469" uspid="26" ordinal="11" sl="26" sc="1" el="26" ec="2" bec="0" bev="0" fileid="18" />
                <SequencePoint vc="469" uspid="27" ordinal="12" sl="27" sc="1" el="27" ec="2" bec="0" bev="0" fileid="18" />
              </SequencePoints>
              <BranchPoints>
                <BranchPoint vc="0" uspid="12" ordinal="0" path="0" offset="14" offsetend="16" sl="12" fileid="18" />
                <BranchPoint vc="469" uspid="12" ordinal="1" path="1" offset="14" offsetend="33" sl="12" fileid="18" />
                <BranchPoint vc="2814" uspid="21" ordinal="3" path="1" offset="102" offsetend="75" sl="21" fileid="18" />
                <BranchPoint vc="469" uspid="21" ordinal="2" path="0" offset="102" offsetend="104" sl="21" fileid="18" />
              </BranchPoints>
              <MethodPoint vc="12" uspid="0" p8:type="SequencePoint" ordinal="0" offset="0" sc="0" sl="11" ec="1" el="27" bec="0" bev="0" fileid="18" xmlns:p8="xsi" />
            </Method>
            <Method cyclomaticComplexity="18" nPathComplexity="18" sequenceCoverage="97.36" branchCoverage="88.88" isConstructor="False" isGetter="False" isSetter="False" isStatic="True">
              <Summary numSequencePoints="38" visitedSequencePoints="37" numBranchPoints="18" visitedBranchPoints="16" sequenceCoverage="97.36" branchCoverage="88.88" maxCyclomaticComplexity="18" minCyclomaticComplexity="18" visitedClasses="0" numClasses="0" visitedMethods="1" numMethods="1" />
              <MetadataToken />
              <Name>EngineCore.NeuralNet EngineCore.WeightParser::ParseSingleNet(System.String[],System.Int32&amp;)</Name>
              <FileRef uid="18" />
              <SequencePoints>
                <SequencePoint vc="2814" uspid="30" ordinal="0" sl="30" sc="1" el="30" ec="2" bec="0" bev="0" fileid="18" />
                <SequencePoint vc="8911" uspid="32" ordinal="1" sl="32" sc="1" el="32" ec="2" bec="4" bev="3" fileid="18" />
                <SequencePoint vc="6097" uspid="33" ordinal="2" sl="33" sc="1" el="33" ec="2" bec="0" bev="0" fileid="18" />
                <SequencePoint vc="6097" uspid="34" ordinal="3" sl="34" sc="1" el="34" ec="2" bec="0" bev="0" fileid="18" />
                <SequencePoint vc="6097" uspid="35" ordinal="4" sl="35" sc="1" el="35" ec="2" bec="0" bev="0" fileid="18" />
                <SequencePoint vc="2814" uspid="37" ordinal="5" sl="37" sc="1" el="37" ec="2" bec="2" bev="1" fileid="18" />
                <SequencePoint vc="0" uspid="38" ordinal="6" sl="38" sc="1" el="38" ec="2" bec="0" bev="0" fileid="18" />
                <SequencePoint vc="2814" uspid="41" ordinal="7" sl="41" sc="1" el="41" ec="2" bec="0" bev="0" fileid="18" />
                <SequencePoint vc="2814" uspid="42" ordinal="8" sl="42" sc="1" el="42" ec="2" bec="0" bev="0" fileid="18" />
                <SequencePoint vc="2814" uspid="43" ordinal="9" sl="43" sc="1" el="43" ec="2" bec="0" bev="0" fileid="18" />
                <SequencePoint vc="2814" uspid="44" ordinal="10" sl="44" sc="1" el="44" ec="2" bec="0" bev="0" fileid="18" />
                <SequencePoint vc="2814" uspid="45" ordinal="11" sl="45" sc="1" el="45" ec="2" bec="0" bev="0" fileid="18" />
                <SequencePoint vc="2814" uspid="46" ordinal="12" sl="46" sc="1" el="46" ec="2" bec="0" bev="0" fileid="18" />
                <SequencePoint vc="2814" uspid="48" ordinal="13" sl="48" sc="1" el="48" ec="2" bec="0" bev="0" fileid="18" />
                <SequencePoint vc="1238160" uspid="51" ordinal="14" sl="51" sc="1" el="51" ec="2" bec="2" bev="2" fileid="18" />
                <SequencePoint vc="616266" uspid="52" ordinal="15" sl="52" sc="1" el="52" ec="2" bec="0" bev="0" fileid="18" />
                <SequencePoint vc="94462228" uspid="53" ordinal="16" sl="53" sc="1" el="53" ec="2" bec="2" bev="2" fileid="18" />
                <SequencePoint vc="46614848" uspid="54" ordinal="17" sl="54" sc="1" el="54" ec="2" bec="0" bev="0" fileid="18" />
                <SequencePoint vc="46614848" uspid="55" ordinal="18" sl="55" sc="1" el="55" ec="2" bec="0" bev="0" fileid="18" />
                <SequencePoint vc="46614848" uspid="56" ordinal="19" sl="56" sc="1" el="56" ec="2" bec="0" bev="0" fileid="18" />
                <SequencePoint vc="616266" uspid="57" ordinal="20" sl="57" sc="1" el="57" ec="2" bec="0" bev="0" fileid="18" />
                <SequencePoint vc="33768" uspid="60" ordinal="21" sl="60" sc="1" el="60" ec="2" bec="2" bev="2" fileid="18" />
                <SequencePoint vc="14070" uspid="61" ordinal="22" sl="61" sc="1" el="61" ec="2" bec="0" bev="0" fileid="18" />
                <SequencePoint vc="2016700" uspid="62" ordinal="23" sl="62" sc="1" el="62" ec="2" bec="2" bev="2" fileid="18" />
                <SequencePoint vc="994280" uspid="63" ordinal="24" sl="63" sc="1" el="63" ec="2" bec="0" bev="0" fileid="18" />
                <SequencePoint vc="994280" uspid="64" ordinal="25" sl="64" sc="1" el="64" ec="2" bec="0" bev="0" fileid="18" />
                <SequencePoint vc="994280" uspid="65" ordinal="26" sl="65" sc="1" el="65" ec="2" bec="0" bev="0" fileid="18" />
                <SequencePoint vc="14070" uspid="66" ordinal="27" sl="66" sc="1" el="66" ec="2" bec="0" bev="0" fileid="18" />
                <SequencePoint vc="403340" uspid="69" ordinal="28" sl="69" sc="1" el="69" ec="2" bec="2" bev="2" fileid="18" />
                <SequencePoint vc="198856" uspid="70" ordinal="29" sl="70" sc="1" el="70" ec="2" bec="0" bev="0" fileid="18" />
                <SequencePoint vc="198856" uspid="71" ordinal="30" sl="71" sc="1" el="71" ec="2" bec="0" bev="0" fileid="18" />
                <SequencePoint vc="198856" uspid="72" ordinal="31" sl="72" sc="1" el="72" ec="2" bec="0" bev="0" fileid="18" />
                <SequencePoint vc="33768" uspid="75" ordinal="32" sl="75" sc="1" el="75" ec="2" bec="2" bev="2" fileid="18" />
                <SequencePoint vc="14070" uspid="76" ordinal="33" sl="76" sc="1" el="76" ec="2" bec="0" bev="0" fileid="18" />
                <SequencePoint vc="14070" uspid="77" ordinal="34" sl="77" sc="1" el="77" ec="2" bec="0" bev="0" fileid="18" />
                <SequencePoint vc="14070" uspid="78" ordinal="35" sl="78" sc="1" el="78" ec="2" bec="0" bev="0" fileid="18" />
                <SequencePoint vc="2814" uspid="80" ordinal="36" sl="80" sc="1" el="80" ec="2" bec="0" bev="0" fileid="18" />
                <SequencePoint vc="2814" uspid="81" ordinal="37" sl="81" sc="1" el="81" ec="2" bec="0" bev="0" fileid="18" />
              </SequencePoints>
              <BranchPoints>
                <BranchPoint vc="6097" uspid="32" ordinal="3" path="1" offset="39" offsetend="3" sl="32" fileid="18" />
                <BranchPoint vc="8911" uspid="32" ordinal="0" path="0" offset="16" offsetend="18" sl="32" fileid="18" />
                <BranchPoint vc="0" uspid="32" ordinal="1" path="1" offset="16" offsetend="34" sl="32" fileid="18" />
                <BranchPoint vc="2814" uspid="32" ordinal="2" path="0" offset="39" offsetend="41" sl="32" fileid="18" />
                <BranchPoint vc="0" uspid="37" ordinal="4" path="0" offset="55" offsetend="57" sl="37" fileid="18" />
                <BranchPoint vc="2814" uspid="37" ordinal="5" path="1" offset="55" offsetend="68" sl="37" fileid="18" />
                <BranchPoint vc="616266" uspid="51" ordinal="9" path="1" offset="301" offsetend="220" sl="51" fileid="18" />
                <BranchPoint vc="46614848" uspid="53" ordinal="7" path="1" offset="283" offsetend="226" sl="53" fileid="18" />
                <BranchPoint vc="616266" uspid="53" ordinal="6" path="0" offset="283" offsetend="285" sl="53" fileid="18" />
                <BranchPoint vc="2814" uspid="51" ordinal="8" path="0" offset="301" offsetend="303" sl="51" fileid="18" />
                <BranchPoint vc="14070" uspid="60" ordinal="13" path="1" offset="389" offsetend="308" sl="60" fileid="18" />
                <BranchPoint vc="994280" uspid="62" ordinal="11" path="1" offset="371" offsetend="314" sl="62" fileid="18" />
                <BranchPoint vc="14070" uspid="62" ordinal="10" path="0" offset="371" offsetend="373" sl="62" fileid="18" />
                <BranchPoint vc="2814" uspid="60" ordinal="12" path="0" offset="389" offsetend="391" sl="60" fileid="18" />
                <BranchPoint vc="198856" uspid="69" ordinal="15" path="1" offset="447" offsetend="396" sl="69" fileid="18" />
                <BranchPoint vc="2814" uspid="69" ordinal="14" path="0" offset="447" offsetend="449" sl="69" fileid="18" />
                <BranchPoint vc="14070" uspid="75" ordinal="17" path="1" offset="505" offsetend="454" sl="75" fileid="18" />
                <BranchPoint vc="2814" uspid="75" ordinal="16" path="0" offset="505" offsetend="507" sl="75" fileid="18" />
              </BranchPoints>
              <MethodPoint vc="37" uspid="0" p8:type="SequencePoint" ordinal="1" offset="1" sc="0" sl="30" ec="1" el="81" bec="0" bev="0" fileid="18" xmlns:p8="xsi" />
            </Method>
          </Methods>
        </Class>
      </Classes>
    </Module>
  </Modules>
</CoverageSession>